/home/cmwinterburn/solar-forecasting/venv/bin/python: Error while finding module specification for 'app.pipeline.data_pipeline' (ModuleNotFoundError: No module named 'app')
2025-08-16 00:05:03,465 - INFO - Starting download...
2025-08-16 00:05:03 - solar_forecast - INFO: Starting download...
2025-08-16 00:05:04,235 - INFO - File /home/cmwinterburn/solar-forecasting/app/pipeline/sharp_metadata_dump.csv has been deleted.
2025-08-16 00:05:04 - solar_forecast - INFO: File /home/cmwinterburn/solar-forecasting/app/pipeline/sharp_metadata_dump.csv has been deleted.
2025-08-16 00:05:04,235 - INFO - start = 2025-08-14 23:05:04.040161
2025-08-16 00:05:04 - solar_forecast - INFO: start = 2025-08-14 23:05:04.040161
2025-08-16 00:05:04,235 - INFO - end = 2025-08-15 23:05:04.040161
2025-08-16 00:05:04 - solar_forecast - INFO: end = 2025-08-15 23:05:04.040161
2025-08-16 00:05:04,235 - INFO - Downloading data
2025-08-16 00:05:04 - solar_forecast - INFO: Downloading data
2025-08-16 00:05:06,584 - WARNING - No records available for 2025-08-14 23:05:04.040161 - 2025-08-15 23:05:04.040161
2025-08-16 00:05:06 - solar_forecast - WARNING: No records available for 2025-08-14 23:05:04.040161 - 2025-08-15 23:05:04.040161
2025-08-16 00:05:06,585 - INFO - start = 2025-08-13 23:05:04.040161
2025-08-16 00:05:06 - solar_forecast - INFO: start = 2025-08-13 23:05:04.040161
2025-08-16 00:05:06,585 - INFO - end = 2025-08-14 23:05:04.040161
2025-08-16 00:05:06 - solar_forecast - INFO: end = 2025-08-14 23:05:04.040161
2025-08-16 00:05:06,586 - INFO - Downloading data
2025-08-16 00:05:06 - solar_forecast - INFO: Downloading data
2025-08-16 00:05:07,426 - WARNING - No records available for 2025-08-13 23:05:04.040161 - 2025-08-14 23:05:04.040161
2025-08-16 00:05:07 - solar_forecast - WARNING: No records available for 2025-08-13 23:05:04.040161 - 2025-08-14 23:05:04.040161
2025-08-16 00:05:07,427 - INFO - start = 2025-08-12 23:05:04.040161
2025-08-16 00:05:07 - solar_forecast - INFO: start = 2025-08-12 23:05:04.040161
2025-08-16 00:05:07,428 - INFO - end = 2025-08-13 23:05:04.040161
2025-08-16 00:05:07 - solar_forecast - INFO: end = 2025-08-13 23:05:04.040161
2025-08-16 00:05:07,428 - INFO - Downloading data
2025-08-16 00:05:07 - solar_forecast - INFO: Downloading data
2025-08-16 00:05:08,254 - WARNING - No records available for 2025-08-12 23:05:04.040161 - 2025-08-13 23:05:04.040161
2025-08-16 00:05:08 - solar_forecast - WARNING: No records available for 2025-08-12 23:05:04.040161 - 2025-08-13 23:05:04.040161
2025-08-16 00:05:08,255 - INFO - start = 2025-08-11 23:05:04.040161
2025-08-16 00:05:08 - solar_forecast - INFO: start = 2025-08-11 23:05:04.040161
2025-08-16 00:05:08,256 - INFO - end = 2025-08-12 23:05:04.040161
2025-08-16 00:05:08 - solar_forecast - INFO: end = 2025-08-12 23:05:04.040161
2025-08-16 00:05:08,256 - INFO - Downloading data
2025-08-16 00:05:08 - solar_forecast - INFO: Downloading data
2025-08-16 00:05:09,071 - WARNING - No records available for 2025-08-11 23:05:04.040161 - 2025-08-12 23:05:04.040161
2025-08-16 00:05:09 - solar_forecast - WARNING: No records available for 2025-08-11 23:05:04.040161 - 2025-08-12 23:05:04.040161
2025-08-16 00:05:09,072 - INFO - start = 2025-08-10 23:05:04.040161
2025-08-16 00:05:09 - solar_forecast - INFO: start = 2025-08-10 23:05:04.040161
2025-08-16 00:05:09,073 - INFO - end = 2025-08-11 23:05:04.040161
2025-08-16 00:05:09 - solar_forecast - INFO: end = 2025-08-11 23:05:04.040161
2025-08-16 00:05:09,073 - INFO - Downloading data
2025-08-16 00:05:09 - solar_forecast - INFO: Downloading data
2025-08-16 00:05:09,917 - WARNING - No records available for 2025-08-10 23:05:04.040161 - 2025-08-11 23:05:04.040161
2025-08-16 00:05:09 - solar_forecast - WARNING: No records available for 2025-08-10 23:05:04.040161 - 2025-08-11 23:05:04.040161
2025-08-16 00:05:09,918 - INFO - start = 2025-08-09 23:05:04.040161
2025-08-16 00:05:09 - solar_forecast - INFO: start = 2025-08-09 23:05:04.040161
2025-08-16 00:05:09,918 - INFO - end = 2025-08-10 23:05:04.040161
2025-08-16 00:05:09 - solar_forecast - INFO: end = 2025-08-10 23:05:04.040161
2025-08-16 00:05:09,919 - INFO - Downloading data
2025-08-16 00:05:09 - solar_forecast - INFO: Downloading data
2025-08-16 00:05:10,798 - WARNING - No records available for 2025-08-09 23:05:04.040161 - 2025-08-10 23:05:04.040161
2025-08-16 00:05:10 - solar_forecast - WARNING: No records available for 2025-08-09 23:05:04.040161 - 2025-08-10 23:05:04.040161
2025-08-16 00:05:10,799 - INFO - start = 2025-08-08 23:05:04.040161
2025-08-16 00:05:10 - solar_forecast - INFO: start = 2025-08-08 23:05:04.040161
2025-08-16 00:05:10,800 - INFO - end = 2025-08-09 23:05:04.040161
2025-08-16 00:05:10 - solar_forecast - INFO: end = 2025-08-09 23:05:04.040161
2025-08-16 00:05:10,800 - INFO - Downloading data
2025-08-16 00:05:10 - solar_forecast - INFO: Downloading data
2025-08-16 00:05:11,646 - WARNING - No records available for 2025-08-08 23:05:04.040161 - 2025-08-09 23:05:04.040161
2025-08-16 00:05:11 - solar_forecast - WARNING: No records available for 2025-08-08 23:05:04.040161 - 2025-08-09 23:05:04.040161
2025-08-16 00:05:11,647 - INFO - start = 2025-08-07 23:05:04.040161
2025-08-16 00:05:11 - solar_forecast - INFO: start = 2025-08-07 23:05:04.040161
2025-08-16 00:05:11,648 - INFO - end = 2025-08-08 23:05:04.040161
2025-08-16 00:05:11 - solar_forecast - INFO: end = 2025-08-08 23:05:04.040161
2025-08-16 00:05:11,648 - INFO - Downloading data
2025-08-16 00:05:11 - solar_forecast - INFO: Downloading data
2025-08-16 00:05:12,519 - WARNING - No records available for 2025-08-07 23:05:04.040161 - 2025-08-08 23:05:04.040161
2025-08-16 00:05:12 - solar_forecast - WARNING: No records available for 2025-08-07 23:05:04.040161 - 2025-08-08 23:05:04.040161
2025-08-16 00:05:12,520 - INFO - start = 2025-08-06 23:05:04.040161
2025-08-16 00:05:12 - solar_forecast - INFO: start = 2025-08-06 23:05:04.040161
2025-08-16 00:05:12,521 - INFO - end = 2025-08-07 23:05:04.040161
2025-08-16 00:05:12 - solar_forecast - INFO: end = 2025-08-07 23:05:04.040161
2025-08-16 00:05:12,521 - INFO - Downloading data
2025-08-16 00:05:12 - solar_forecast - INFO: Downloading data
2025-08-16 00:05:13,365 - WARNING - No records available for 2025-08-06 23:05:04.040161 - 2025-08-07 23:05:04.040161
2025-08-16 00:05:13 - solar_forecast - WARNING: No records available for 2025-08-06 23:05:04.040161 - 2025-08-07 23:05:04.040161
2025-08-16 00:05:13,366 - INFO - start = 2025-08-05 23:05:04.040161
2025-08-16 00:05:13 - solar_forecast - INFO: start = 2025-08-05 23:05:04.040161
2025-08-16 00:05:13,367 - INFO - end = 2025-08-06 23:05:04.040161
2025-08-16 00:05:13 - solar_forecast - INFO: end = 2025-08-06 23:05:04.040161
2025-08-16 00:05:13,367 - INFO - Downloading data
2025-08-16 00:05:13 - solar_forecast - INFO: Downloading data
2025-08-16 00:05:14,212 - WARNING - No records available for 2025-08-05 23:05:04.040161 - 2025-08-06 23:05:04.040161
2025-08-16 00:05:14 - solar_forecast - WARNING: No records available for 2025-08-05 23:05:04.040161 - 2025-08-06 23:05:04.040161
2025-08-16 00:05:14,213 - INFO - start = 2025-08-04 23:05:04.040161
2025-08-16 00:05:14 - solar_forecast - INFO: start = 2025-08-04 23:05:04.040161
2025-08-16 00:05:14,214 - INFO - end = 2025-08-05 23:05:04.040161
2025-08-16 00:05:14 - solar_forecast - INFO: end = 2025-08-05 23:05:04.040161
2025-08-16 00:05:14,214 - INFO - Downloading data
2025-08-16 00:05:14 - solar_forecast - INFO: Downloading data
2025-08-16 00:05:15,072 - WARNING - No records available for 2025-08-04 23:05:04.040161 - 2025-08-05 23:05:04.040161
2025-08-16 00:05:15 - solar_forecast - WARNING: No records available for 2025-08-04 23:05:04.040161 - 2025-08-05 23:05:04.040161
2025-08-16 00:05:15,074 - INFO - start = 2025-08-03 23:05:04.040161
2025-08-16 00:05:15 - solar_forecast - INFO: start = 2025-08-03 23:05:04.040161
2025-08-16 00:05:15,074 - INFO - end = 2025-08-04 23:05:04.040161
2025-08-16 00:05:15 - solar_forecast - INFO: end = 2025-08-04 23:05:04.040161
2025-08-16 00:05:15,074 - INFO - Downloading data
2025-08-16 00:05:15 - solar_forecast - INFO: Downloading data
2025-08-16 00:05:15,916 - WARNING - No records available for 2025-08-03 23:05:04.040161 - 2025-08-04 23:05:04.040161
2025-08-16 00:05:15 - solar_forecast - WARNING: No records available for 2025-08-03 23:05:04.040161 - 2025-08-04 23:05:04.040161
2025-08-16 00:05:15,918 - INFO - start = 2025-08-02 23:05:04.040161
2025-08-16 00:05:15 - solar_forecast - INFO: start = 2025-08-02 23:05:04.040161
2025-08-16 00:05:15,918 - INFO - end = 2025-08-03 23:05:04.040161
2025-08-16 00:05:15 - solar_forecast - INFO: end = 2025-08-03 23:05:04.040161
2025-08-16 00:05:15,918 - INFO - Downloading data
2025-08-16 00:05:15 - solar_forecast - INFO: Downloading data
2025-08-16 00:05:16,738 - WARNING - No records available for 2025-08-02 23:05:04.040161 - 2025-08-03 23:05:04.040161
2025-08-16 00:05:16 - solar_forecast - WARNING: No records available for 2025-08-02 23:05:04.040161 - 2025-08-03 23:05:04.040161
2025-08-16 00:05:16,739 - INFO - start = 2025-08-01 23:05:04.040161
2025-08-16 00:05:16 - solar_forecast - INFO: start = 2025-08-01 23:05:04.040161
2025-08-16 00:05:16,739 - INFO - end = 2025-08-02 23:05:04.040161
2025-08-16 00:05:16 - solar_forecast - INFO: end = 2025-08-02 23:05:04.040161
2025-08-16 00:05:16,739 - INFO - Downloading data
2025-08-16 00:05:16 - solar_forecast - INFO: Downloading data
2025-08-16 00:05:17,574 - WARNING - No records available for 2025-08-01 23:05:04.040161 - 2025-08-02 23:05:04.040161
2025-08-16 00:05:17 - solar_forecast - WARNING: No records available for 2025-08-01 23:05:04.040161 - 2025-08-02 23:05:04.040161
2025-08-16 00:05:17,576 - INFO - start = 2025-07-31 23:05:04.040161
2025-08-16 00:05:17 - solar_forecast - INFO: start = 2025-07-31 23:05:04.040161
2025-08-16 00:05:17,576 - INFO - end = 2025-08-01 23:05:04.040161
2025-08-16 00:05:17 - solar_forecast - INFO: end = 2025-08-01 23:05:04.040161
2025-08-16 00:05:17,576 - INFO - Downloading data
2025-08-16 00:05:17 - solar_forecast - INFO: Downloading data
2025-08-16 00:05:18,401 - WARNING - No records available for 2025-07-31 23:05:04.040161 - 2025-08-01 23:05:04.040161
2025-08-16 00:05:18 - solar_forecast - WARNING: No records available for 2025-07-31 23:05:04.040161 - 2025-08-01 23:05:04.040161
2025-08-16 00:05:18,402 - INFO - start = 2025-07-30 23:05:04.040161
2025-08-16 00:05:18 - solar_forecast - INFO: start = 2025-07-30 23:05:04.040161
2025-08-16 00:05:18,403 - INFO - end = 2025-07-31 23:05:04.040161
2025-08-16 00:05:18 - solar_forecast - INFO: end = 2025-07-31 23:05:04.040161
2025-08-16 00:05:18,403 - INFO - Downloading data
2025-08-16 00:05:18 - solar_forecast - INFO: Downloading data
2025-08-16 00:05:19,220 - WARNING - No records available for 2025-07-30 23:05:04.040161 - 2025-07-31 23:05:04.040161
2025-08-16 00:05:19 - solar_forecast - WARNING: No records available for 2025-07-30 23:05:04.040161 - 2025-07-31 23:05:04.040161
2025-08-16 00:05:19,221 - INFO - start = 2025-07-29 23:05:04.040161
2025-08-16 00:05:19 - solar_forecast - INFO: start = 2025-07-29 23:05:04.040161
2025-08-16 00:05:19,221 - INFO - end = 2025-07-30 23:05:04.040161
2025-08-16 00:05:19 - solar_forecast - INFO: end = 2025-07-30 23:05:04.040161
2025-08-16 00:05:19,222 - INFO - Downloading data
2025-08-16 00:05:19 - solar_forecast - INFO: Downloading data
2025-08-16 00:05:20,038 - WARNING - No records available for 2025-07-29 23:05:04.040161 - 2025-07-30 23:05:04.040161
2025-08-16 00:05:20 - solar_forecast - WARNING: No records available for 2025-07-29 23:05:04.040161 - 2025-07-30 23:05:04.040161
2025-08-16 00:05:20,039 - INFO - start = 2025-07-28 23:05:04.040161
2025-08-16 00:05:20 - solar_forecast - INFO: start = 2025-07-28 23:05:04.040161
2025-08-16 00:05:20,039 - INFO - end = 2025-07-29 23:05:04.040161
2025-08-16 00:05:20 - solar_forecast - INFO: end = 2025-07-29 23:05:04.040161
2025-08-16 00:05:20,039 - INFO - Downloading data
2025-08-16 00:05:20 - solar_forecast - INFO: Downloading data
2025-08-16 00:05:20,845 - WARNING - No records available for 2025-07-28 23:05:04.040161 - 2025-07-29 23:05:04.040161
2025-08-16 00:05:20 - solar_forecast - WARNING: No records available for 2025-07-28 23:05:04.040161 - 2025-07-29 23:05:04.040161
2025-08-16 00:05:20,846 - INFO - start = 2025-07-27 23:05:04.040161
2025-08-16 00:05:20 - solar_forecast - INFO: start = 2025-07-27 23:05:04.040161
2025-08-16 00:05:20,847 - INFO - end = 2025-07-28 23:05:04.040161
2025-08-16 00:05:20 - solar_forecast - INFO: end = 2025-07-28 23:05:04.040161
2025-08-16 00:05:20,847 - INFO - Downloading data
2025-08-16 00:05:20 - solar_forecast - INFO: Downloading data
2025-08-16 00:05:21,644 - WARNING - No records available for 2025-07-27 23:05:04.040161 - 2025-07-28 23:05:04.040161
2025-08-16 00:05:21 - solar_forecast - WARNING: No records available for 2025-07-27 23:05:04.040161 - 2025-07-28 23:05:04.040161
2025-08-16 00:05:21,645 - INFO - start = 2025-07-26 23:05:04.040161
2025-08-16 00:05:21 - solar_forecast - INFO: start = 2025-07-26 23:05:04.040161
2025-08-16 00:05:21,646 - INFO - end = 2025-07-27 23:05:04.040161
2025-08-16 00:05:21 - solar_forecast - INFO: end = 2025-07-27 23:05:04.040161
2025-08-16 00:05:21,646 - INFO - Downloading data
2025-08-16 00:05:21 - solar_forecast - INFO: Downloading data
2025-08-16 00:05:22,532 - WARNING - No records available for 2025-07-26 23:05:04.040161 - 2025-07-27 23:05:04.040161
2025-08-16 00:05:22 - solar_forecast - WARNING: No records available for 2025-07-26 23:05:04.040161 - 2025-07-27 23:05:04.040161
2025-08-16 00:05:22,534 - INFO - start = 2025-07-25 23:05:04.040161
2025-08-16 00:05:22 - solar_forecast - INFO: start = 2025-07-25 23:05:04.040161
2025-08-16 00:05:22,534 - INFO - end = 2025-07-26 23:05:04.040161
2025-08-16 00:05:22 - solar_forecast - INFO: end = 2025-07-26 23:05:04.040161
2025-08-16 00:05:22,534 - INFO - Downloading data
2025-08-16 00:05:22 - solar_forecast - INFO: Downloading data
2025-08-16 00:05:23,357 - WARNING - No records available for 2025-07-25 23:05:04.040161 - 2025-07-26 23:05:04.040161
2025-08-16 00:05:23 - solar_forecast - WARNING: No records available for 2025-07-25 23:05:04.040161 - 2025-07-26 23:05:04.040161
2025-08-16 00:05:23,358 - INFO - start = 2025-07-24 23:05:04.040161
2025-08-16 00:05:23 - solar_forecast - INFO: start = 2025-07-24 23:05:04.040161
2025-08-16 00:05:23,359 - INFO - end = 2025-07-25 23:05:04.040161
2025-08-16 00:05:23 - solar_forecast - INFO: end = 2025-07-25 23:05:04.040161
2025-08-16 00:05:23,359 - INFO - Downloading data
2025-08-16 00:05:23 - solar_forecast - INFO: Downloading data
2025-08-16 00:05:24,197 - WARNING - No records available for 2025-07-24 23:05:04.040161 - 2025-07-25 23:05:04.040161
2025-08-16 00:05:24 - solar_forecast - WARNING: No records available for 2025-07-24 23:05:04.040161 - 2025-07-25 23:05:04.040161
2025-08-16 00:05:24,198 - INFO - start = 2025-07-23 23:05:04.040161
2025-08-16 00:05:24 - solar_forecast - INFO: start = 2025-07-23 23:05:04.040161
2025-08-16 00:05:24,198 - INFO - end = 2025-07-24 23:05:04.040161
2025-08-16 00:05:24 - solar_forecast - INFO: end = 2025-07-24 23:05:04.040161
2025-08-16 00:05:24,199 - INFO - Downloading data
2025-08-16 00:05:24 - solar_forecast - INFO: Downloading data
2025-08-16 00:05:25,007 - WARNING - No records available for 2025-07-23 23:05:04.040161 - 2025-07-24 23:05:04.040161
2025-08-16 00:05:25 - solar_forecast - WARNING: No records available for 2025-07-23 23:05:04.040161 - 2025-07-24 23:05:04.040161
2025-08-16 00:05:25,008 - INFO - start = 2025-07-22 23:05:04.040161
2025-08-16 00:05:25 - solar_forecast - INFO: start = 2025-07-22 23:05:04.040161
2025-08-16 00:05:25,009 - INFO - end = 2025-07-23 23:05:04.040161
2025-08-16 00:05:25 - solar_forecast - INFO: end = 2025-07-23 23:05:04.040161
2025-08-16 00:05:25,009 - INFO - Downloading data
2025-08-16 00:05:25 - solar_forecast - INFO: Downloading data
2025-08-16 00:05:25,860 - WARNING - No records available for 2025-07-22 23:05:04.040161 - 2025-07-23 23:05:04.040161
2025-08-16 00:05:25 - solar_forecast - WARNING: No records available for 2025-07-22 23:05:04.040161 - 2025-07-23 23:05:04.040161
2025-08-16 00:05:25,861 - INFO - start = 2025-07-21 23:05:04.040161
2025-08-16 00:05:25 - solar_forecast - INFO: start = 2025-07-21 23:05:04.040161
2025-08-16 00:05:25,862 - INFO - end = 2025-07-22 23:05:04.040161
2025-08-16 00:05:25 - solar_forecast - INFO: end = 2025-07-22 23:05:04.040161
2025-08-16 00:05:25,862 - INFO - Downloading data
2025-08-16 00:05:25 - solar_forecast - INFO: Downloading data
2025-08-16 00:05:26,733 - WARNING - No records available for 2025-07-21 23:05:04.040161 - 2025-07-22 23:05:04.040161
2025-08-16 00:05:26 - solar_forecast - WARNING: No records available for 2025-07-21 23:05:04.040161 - 2025-07-22 23:05:04.040161
2025-08-16 00:05:26,734 - INFO - start = 2025-07-20 23:05:04.040161
2025-08-16 00:05:26 - solar_forecast - INFO: start = 2025-07-20 23:05:04.040161
2025-08-16 00:05:26,735 - INFO - end = 2025-07-21 23:05:04.040161
2025-08-16 00:05:26 - solar_forecast - INFO: end = 2025-07-21 23:05:04.040161
2025-08-16 00:05:26,735 - INFO - Downloading data
2025-08-16 00:05:26 - solar_forecast - INFO: Downloading data
2025-08-16 00:05:27,566 - WARNING - No records available for 2025-07-20 23:05:04.040161 - 2025-07-21 23:05:04.040161
2025-08-16 00:05:27 - solar_forecast - WARNING: No records available for 2025-07-20 23:05:04.040161 - 2025-07-21 23:05:04.040161
2025-08-16 00:05:27,568 - INFO - start = 2025-07-19 23:05:04.040161
2025-08-16 00:05:27 - solar_forecast - INFO: start = 2025-07-19 23:05:04.040161
2025-08-16 00:05:27,568 - INFO - end = 2025-07-20 23:05:04.040161
2025-08-16 00:05:27 - solar_forecast - INFO: end = 2025-07-20 23:05:04.040161
2025-08-16 00:05:27,568 - INFO - Downloading data
2025-08-16 00:05:27 - solar_forecast - INFO: Downloading data
2025-08-16 00:05:28,406 - WARNING - No records available for 2025-07-19 23:05:04.040161 - 2025-07-20 23:05:04.040161
2025-08-16 00:05:28 - solar_forecast - WARNING: No records available for 2025-07-19 23:05:04.040161 - 2025-07-20 23:05:04.040161
2025-08-16 00:05:28,408 - INFO - start = 2025-07-18 23:05:04.040161
2025-08-16 00:05:28 - solar_forecast - INFO: start = 2025-07-18 23:05:04.040161
2025-08-16 00:05:28,409 - INFO - end = 2025-07-19 23:05:04.040161
2025-08-16 00:05:28 - solar_forecast - INFO: end = 2025-07-19 23:05:04.040161
2025-08-16 00:05:28,409 - INFO - Downloading data
2025-08-16 00:05:28 - solar_forecast - INFO: Downloading data
2025-08-16 00:05:29,270 - WARNING - No records available for 2025-07-18 23:05:04.040161 - 2025-07-19 23:05:04.040161
2025-08-16 00:05:29 - solar_forecast - WARNING: No records available for 2025-07-18 23:05:04.040161 - 2025-07-19 23:05:04.040161
2025-08-16 00:05:29,271 - INFO - start = 2025-07-17 23:05:04.040161
2025-08-16 00:05:29 - solar_forecast - INFO: start = 2025-07-17 23:05:04.040161
2025-08-16 00:05:29,272 - INFO - end = 2025-07-18 23:05:04.040161
2025-08-16 00:05:29 - solar_forecast - INFO: end = 2025-07-18 23:05:04.040161
2025-08-16 00:05:29,272 - INFO - Downloading data
2025-08-16 00:05:29 - solar_forecast - INFO: Downloading data
2025-08-16 00:05:30,067 - WARNING - No records available for 2025-07-17 23:05:04.040161 - 2025-07-18 23:05:04.040161
2025-08-16 00:05:30 - solar_forecast - WARNING: No records available for 2025-07-17 23:05:04.040161 - 2025-07-18 23:05:04.040161
2025-08-16 00:05:30,069 - INFO - start = 2025-07-16 23:05:04.040161
2025-08-16 00:05:30 - solar_forecast - INFO: start = 2025-07-16 23:05:04.040161
2025-08-16 00:05:30,069 - INFO - end = 2025-07-17 23:05:04.040161
2025-08-16 00:05:30 - solar_forecast - INFO: end = 2025-07-17 23:05:04.040161
2025-08-16 00:05:30,069 - INFO - Downloading data
2025-08-16 00:05:30 - solar_forecast - INFO: Downloading data
2025-08-16 00:05:30,909 - WARNING - No records available for 2025-07-16 23:05:04.040161 - 2025-07-17 23:05:04.040161
2025-08-16 00:05:30 - solar_forecast - WARNING: No records available for 2025-07-16 23:05:04.040161 - 2025-07-17 23:05:04.040161
2025-08-16 00:05:30,911 - INFO - start = 2025-07-15 23:05:04.040161
2025-08-16 00:05:30 - solar_forecast - INFO: start = 2025-07-15 23:05:04.040161
2025-08-16 00:05:30,911 - INFO - end = 2025-07-16 23:05:04.040161
2025-08-16 00:05:30 - solar_forecast - INFO: end = 2025-07-16 23:05:04.040161
2025-08-16 00:05:30,911 - INFO - Downloading data
2025-08-16 00:05:30 - solar_forecast - INFO: Downloading data
2025-08-16 00:05:31,699 - WARNING - No records available for 2025-07-15 23:05:04.040161 - 2025-07-16 23:05:04.040161
2025-08-16 00:05:31 - solar_forecast - WARNING: No records available for 2025-07-15 23:05:04.040161 - 2025-07-16 23:05:04.040161
2025-08-16 00:05:31,700 - INFO - start = 2025-07-14 23:05:04.040161
2025-08-16 00:05:31 - solar_forecast - INFO: start = 2025-07-14 23:05:04.040161
2025-08-16 00:05:31,701 - INFO - end = 2025-07-15 23:05:04.040161
2025-08-16 00:05:31 - solar_forecast - INFO: end = 2025-07-15 23:05:04.040161
2025-08-16 00:05:31,701 - INFO - Downloading data
2025-08-16 00:05:31 - solar_forecast - INFO: Downloading data
2025-08-16 00:05:32,522 - WARNING - No records available for 2025-07-14 23:05:04.040161 - 2025-07-15 23:05:04.040161
2025-08-16 00:05:32 - solar_forecast - WARNING: No records available for 2025-07-14 23:05:04.040161 - 2025-07-15 23:05:04.040161
2025-08-16 00:05:32,524 - INFO - start = 2025-07-13 23:05:04.040161
2025-08-16 00:05:32 - solar_forecast - INFO: start = 2025-07-13 23:05:04.040161
2025-08-16 00:05:32,524 - INFO - end = 2025-07-14 23:05:04.040161
2025-08-16 00:05:32 - solar_forecast - INFO: end = 2025-07-14 23:05:04.040161
2025-08-16 00:05:32,524 - INFO - Downloading data
2025-08-16 00:05:32 - solar_forecast - INFO: Downloading data
2025-08-16 00:05:33,355 - WARNING - No records available for 2025-07-13 23:05:04.040161 - 2025-07-14 23:05:04.040161
2025-08-16 00:05:33 - solar_forecast - WARNING: No records available for 2025-07-13 23:05:04.040161 - 2025-07-14 23:05:04.040161
2025-08-16 00:05:33,356 - INFO - start = 2025-07-12 23:05:04.040161
2025-08-16 00:05:33 - solar_forecast - INFO: start = 2025-07-12 23:05:04.040161
2025-08-16 00:05:33,356 - INFO - end = 2025-07-13 23:05:04.040161
2025-08-16 00:05:33 - solar_forecast - INFO: end = 2025-07-13 23:05:04.040161
2025-08-16 00:05:33,356 - INFO - Downloading data
2025-08-16 00:05:33 - solar_forecast - INFO: Downloading data
2025-08-16 00:05:34,167 - WARNING - No records available for 2025-07-12 23:05:04.040161 - 2025-07-13 23:05:04.040161
2025-08-16 00:05:34 - solar_forecast - WARNING: No records available for 2025-07-12 23:05:04.040161 - 2025-07-13 23:05:04.040161
2025-08-16 00:05:34,168 - INFO - start = 2025-07-11 23:05:04.040161
2025-08-16 00:05:34 - solar_forecast - INFO: start = 2025-07-11 23:05:04.040161
2025-08-16 00:05:34,169 - INFO - end = 2025-07-12 23:05:04.040161
2025-08-16 00:05:34 - solar_forecast - INFO: end = 2025-07-12 23:05:04.040161
2025-08-16 00:05:34,169 - INFO - Downloading data
2025-08-16 00:05:34 - solar_forecast - INFO: Downloading data
2025-08-16 00:05:35,013 - INFO - Wrote 6 rows for 2025-07-11 23:05:04.040161 - 2025-07-12 23:05:04.040161
2025-08-16 00:05:35 - solar_forecast - INFO: Wrote 6 rows for 2025-07-11 23:05:04.040161 - 2025-07-12 23:05:04.040161
2025-08-16 00:05:35,014 - INFO - start = 2025-07-10 23:05:04.040161
2025-08-16 00:05:35 - solar_forecast - INFO: start = 2025-07-10 23:05:04.040161
2025-08-16 00:05:35,014 - INFO - end = 2025-07-11 23:05:04.040161
2025-08-16 00:05:35 - solar_forecast - INFO: end = 2025-07-11 23:05:04.040161
2025-08-16 00:05:35,014 - INFO - Downloading data
2025-08-16 00:05:35 - solar_forecast - INFO: Downloading data
2025-08-16 00:05:36,718 - INFO - Wrote 190 rows for 2025-07-10 23:05:04.040161 - 2025-07-11 23:05:04.040161
2025-08-16 00:05:36 - solar_forecast - INFO: Wrote 190 rows for 2025-07-10 23:05:04.040161 - 2025-07-11 23:05:04.040161
2025-08-16 00:05:36,720 - INFO - start = 2025-07-09 23:05:04.040161
2025-08-16 00:05:36 - solar_forecast - INFO: start = 2025-07-09 23:05:04.040161
2025-08-16 00:05:36,720 - INFO - end = 2025-07-10 23:05:04.040161
2025-08-16 00:05:36 - solar_forecast - INFO: end = 2025-07-10 23:05:04.040161
2025-08-16 00:05:36,720 - INFO - Downloading data
2025-08-16 00:05:36 - solar_forecast - INFO: Downloading data
2025-08-16 00:05:38,498 - INFO - Wrote 256 rows for 2025-07-09 23:05:04.040161 - 2025-07-10 23:05:04.040161
2025-08-16 00:05:38 - solar_forecast - INFO: Wrote 256 rows for 2025-07-09 23:05:04.040161 - 2025-07-10 23:05:04.040161
2025-08-16 00:05:38,499 - INFO - start = 2025-07-08 23:05:04.040161
2025-08-16 00:05:38 - solar_forecast - INFO: start = 2025-07-08 23:05:04.040161
2025-08-16 00:05:38,499 - INFO - end = 2025-07-09 23:05:04.040161
2025-08-16 00:05:38 - solar_forecast - INFO: end = 2025-07-09 23:05:04.040161
2025-08-16 00:05:38,500 - INFO - Downloading data
2025-08-16 00:05:38 - solar_forecast - INFO: Downloading data
2025-08-16 00:05:40,916 - INFO - Wrote 378 rows for 2025-07-08 23:05:04.040161 - 2025-07-09 23:05:04.040161
2025-08-16 00:05:40 - solar_forecast - INFO: Wrote 378 rows for 2025-07-08 23:05:04.040161 - 2025-07-09 23:05:04.040161
2025-08-16 00:05:40,917 - INFO - start = 2025-07-07 23:05:04.040161
2025-08-16 00:05:40 - solar_forecast - INFO: start = 2025-07-07 23:05:04.040161
2025-08-16 00:05:40,917 - INFO - end = 2025-07-08 23:05:04.040161
2025-08-16 00:05:40 - solar_forecast - INFO: end = 2025-07-08 23:05:04.040161
2025-08-16 00:05:40,917 - INFO - Downloading data
2025-08-16 00:05:40 - solar_forecast - INFO: Downloading data
2025-08-16 00:05:43,754 - INFO - Wrote 570 rows for 2025-07-07 23:05:04.040161 - 2025-07-08 23:05:04.040161
2025-08-16 00:05:43 - solar_forecast - INFO: Wrote 570 rows for 2025-07-07 23:05:04.040161 - 2025-07-08 23:05:04.040161
2025-08-16 00:05:43,754 - INFO - Preparing data...
2025-08-16 00:05:43 - solar_forecast - INFO: Preparing data...
2025-08-16 00:05:44,422 - INFO - Success. Data prepared for model input.
2025-08-16 00:05:44 - solar_forecast - INFO: Success. Data prepared for model input.
2025-08-16 00:05:44,422 - INFO - Initialising model...
2025-08-16 00:05:44 - solar_forecast - INFO: Initialising model...
2025-08-16 00:05:44,429 - INFO - Model initialised
2025-08-16 00:05:44 - solar_forecast - INFO: Model initialised
2025-08-16 00:05:44,429 - INFO - Evaluating forecast...
2025-08-16 00:05:44 - solar_forecast - INFO: Evaluating forecast...
2025-08-16 00:05:44,429 - INFO - Loading data
2025-08-16 00:05:44 - solar_forecast - INFO: Loading data
2025-08-16 00:05:44,429 - INFO - Preparing data sequence
2025-08-16 00:05:44 - solar_forecast - INFO: Preparing data sequence
2025-08-16 00:05:44,429 - INFO - Building data loader
2025-08-16 00:05:44 - solar_forecast - INFO: Building data loader
2025-08-16 00:05:44,430 - INFO - Enabling Monte Carlo dropout
2025-08-16 00:05:44 - solar_forecast - INFO: Enabling Monte Carlo dropout
2025-08-16 00:05:44,430 - INFO - Executing predictions
2025-08-16 00:05:44 - solar_forecast - INFO: Executing predictions
2025-08-17 00:00:03,262 - INFO - Starting download...
2025-08-17 00:00:03 - solar_forecast - INFO: Starting download...
2025-08-17 00:00:04,262 - INFO - File /home/cmwinterburn/solar-forecasting/app/pipeline/sharp_metadata_dump.csv has been deleted.
2025-08-17 00:00:04 - solar_forecast - INFO: File /home/cmwinterburn/solar-forecasting/app/pipeline/sharp_metadata_dump.csv has been deleted.
2025-08-17 00:00:04,263 - INFO - start = 2025-08-15 23:00:04.066853
2025-08-17 00:00:04 - solar_forecast - INFO: start = 2025-08-15 23:00:04.066853
2025-08-17 00:00:04,263 - INFO - end = 2025-08-16 23:00:04.066853
2025-08-17 00:00:04 - solar_forecast - INFO: end = 2025-08-16 23:00:04.066853
2025-08-17 00:00:04,263 - INFO - Downloading data
2025-08-17 00:00:04 - solar_forecast - INFO: Downloading data
2025-08-17 00:00:09,749 - WARNING - No records available for 2025-08-15 23:00:04.066853 - 2025-08-16 23:00:04.066853
2025-08-17 00:00:09 - solar_forecast - WARNING: No records available for 2025-08-15 23:00:04.066853 - 2025-08-16 23:00:04.066853
2025-08-17 00:00:09,750 - INFO - start = 2025-08-14 23:00:04.066853
2025-08-17 00:00:09 - solar_forecast - INFO: start = 2025-08-14 23:00:04.066853
2025-08-17 00:00:09,750 - INFO - end = 2025-08-15 23:00:04.066853
2025-08-17 00:00:09 - solar_forecast - INFO: end = 2025-08-15 23:00:04.066853
2025-08-17 00:00:09,751 - INFO - Downloading data
2025-08-17 00:00:09 - solar_forecast - INFO: Downloading data
2025-08-17 00:00:10,732 - WARNING - No records available for 2025-08-14 23:00:04.066853 - 2025-08-15 23:00:04.066853
2025-08-17 00:00:10 - solar_forecast - WARNING: No records available for 2025-08-14 23:00:04.066853 - 2025-08-15 23:00:04.066853
2025-08-17 00:00:10,734 - INFO - start = 2025-08-13 23:00:04.066853
2025-08-17 00:00:10 - solar_forecast - INFO: start = 2025-08-13 23:00:04.066853
2025-08-17 00:00:10,734 - INFO - end = 2025-08-14 23:00:04.066853
2025-08-17 00:00:10 - solar_forecast - INFO: end = 2025-08-14 23:00:04.066853
2025-08-17 00:00:10,734 - INFO - Downloading data
2025-08-17 00:00:10 - solar_forecast - INFO: Downloading data
2025-08-17 00:00:11,756 - WARNING - No records available for 2025-08-13 23:00:04.066853 - 2025-08-14 23:00:04.066853
2025-08-17 00:00:11 - solar_forecast - WARNING: No records available for 2025-08-13 23:00:04.066853 - 2025-08-14 23:00:04.066853
2025-08-17 00:00:11,757 - INFO - start = 2025-08-12 23:00:04.066853
2025-08-17 00:00:11 - solar_forecast - INFO: start = 2025-08-12 23:00:04.066853
2025-08-17 00:00:11,757 - INFO - end = 2025-08-13 23:00:04.066853
2025-08-17 00:00:11 - solar_forecast - INFO: end = 2025-08-13 23:00:04.066853
2025-08-17 00:00:11,758 - INFO - Downloading data
2025-08-17 00:00:11 - solar_forecast - INFO: Downloading data
2025-08-17 00:00:12,744 - WARNING - No records available for 2025-08-12 23:00:04.066853 - 2025-08-13 23:00:04.066853
2025-08-17 00:00:12 - solar_forecast - WARNING: No records available for 2025-08-12 23:00:04.066853 - 2025-08-13 23:00:04.066853
2025-08-17 00:00:12,746 - INFO - start = 2025-08-11 23:00:04.066853
2025-08-17 00:00:12 - solar_forecast - INFO: start = 2025-08-11 23:00:04.066853
2025-08-17 00:00:12,746 - INFO - end = 2025-08-12 23:00:04.066853
2025-08-17 00:00:12 - solar_forecast - INFO: end = 2025-08-12 23:00:04.066853
2025-08-17 00:00:12,746 - INFO - Downloading data
2025-08-17 00:00:12 - solar_forecast - INFO: Downloading data
2025-08-17 00:00:13,782 - WARNING - No records available for 2025-08-11 23:00:04.066853 - 2025-08-12 23:00:04.066853
2025-08-17 00:00:13 - solar_forecast - WARNING: No records available for 2025-08-11 23:00:04.066853 - 2025-08-12 23:00:04.066853
2025-08-17 00:00:13,784 - INFO - start = 2025-08-10 23:00:04.066853
2025-08-17 00:00:13 - solar_forecast - INFO: start = 2025-08-10 23:00:04.066853
2025-08-17 00:00:13,784 - INFO - end = 2025-08-11 23:00:04.066853
2025-08-17 00:00:13 - solar_forecast - INFO: end = 2025-08-11 23:00:04.066853
2025-08-17 00:00:13,784 - INFO - Downloading data
2025-08-17 00:00:13 - solar_forecast - INFO: Downloading data
2025-08-17 00:00:14,759 - WARNING - No records available for 2025-08-10 23:00:04.066853 - 2025-08-11 23:00:04.066853
2025-08-17 00:00:14 - solar_forecast - WARNING: No records available for 2025-08-10 23:00:04.066853 - 2025-08-11 23:00:04.066853
2025-08-17 00:00:14,760 - INFO - start = 2025-08-09 23:00:04.066853
2025-08-17 00:00:14 - solar_forecast - INFO: start = 2025-08-09 23:00:04.066853
2025-08-17 00:00:14,761 - INFO - end = 2025-08-10 23:00:04.066853
2025-08-17 00:00:14 - solar_forecast - INFO: end = 2025-08-10 23:00:04.066853
2025-08-17 00:00:14,761 - INFO - Downloading data
2025-08-17 00:00:14 - solar_forecast - INFO: Downloading data
2025-08-17 00:00:15,764 - WARNING - No records available for 2025-08-09 23:00:04.066853 - 2025-08-10 23:00:04.066853
2025-08-17 00:00:15 - solar_forecast - WARNING: No records available for 2025-08-09 23:00:04.066853 - 2025-08-10 23:00:04.066853
2025-08-17 00:00:15,765 - INFO - start = 2025-08-08 23:00:04.066853
2025-08-17 00:00:15 - solar_forecast - INFO: start = 2025-08-08 23:00:04.066853
2025-08-17 00:00:15,765 - INFO - end = 2025-08-09 23:00:04.066853
2025-08-17 00:00:15 - solar_forecast - INFO: end = 2025-08-09 23:00:04.066853
2025-08-17 00:00:15,765 - INFO - Downloading data
2025-08-17 00:00:15 - solar_forecast - INFO: Downloading data
2025-08-17 00:00:16,834 - WARNING - No records available for 2025-08-08 23:00:04.066853 - 2025-08-09 23:00:04.066853
2025-08-17 00:00:16 - solar_forecast - WARNING: No records available for 2025-08-08 23:00:04.066853 - 2025-08-09 23:00:04.066853
2025-08-17 00:00:16,835 - INFO - start = 2025-08-07 23:00:04.066853
2025-08-17 00:00:16 - solar_forecast - INFO: start = 2025-08-07 23:00:04.066853
2025-08-17 00:00:16,836 - INFO - end = 2025-08-08 23:00:04.066853
2025-08-17 00:00:16 - solar_forecast - INFO: end = 2025-08-08 23:00:04.066853
2025-08-17 00:00:16,836 - INFO - Downloading data
2025-08-17 00:00:16 - solar_forecast - INFO: Downloading data
2025-08-17 00:00:18,897 - WARNING - No records available for 2025-08-07 23:00:04.066853 - 2025-08-08 23:00:04.066853
2025-08-17 00:00:18 - solar_forecast - WARNING: No records available for 2025-08-07 23:00:04.066853 - 2025-08-08 23:00:04.066853
2025-08-17 00:00:18,899 - INFO - start = 2025-08-06 23:00:04.066853
2025-08-17 00:00:18 - solar_forecast - INFO: start = 2025-08-06 23:00:04.066853
2025-08-17 00:00:18,899 - INFO - end = 2025-08-07 23:00:04.066853
2025-08-17 00:00:18 - solar_forecast - INFO: end = 2025-08-07 23:00:04.066853
2025-08-17 00:00:18,899 - INFO - Downloading data
2025-08-17 00:00:18 - solar_forecast - INFO: Downloading data
2025-08-17 00:00:20,992 - WARNING - No records available for 2025-08-06 23:00:04.066853 - 2025-08-07 23:00:04.066853
2025-08-17 00:00:20 - solar_forecast - WARNING: No records available for 2025-08-06 23:00:04.066853 - 2025-08-07 23:00:04.066853
2025-08-17 00:00:20,993 - INFO - start = 2025-08-05 23:00:04.066853
2025-08-17 00:00:20 - solar_forecast - INFO: start = 2025-08-05 23:00:04.066853
2025-08-17 00:00:20,993 - INFO - end = 2025-08-06 23:00:04.066853
2025-08-17 00:00:20 - solar_forecast - INFO: end = 2025-08-06 23:00:04.066853
2025-08-17 00:00:20,994 - INFO - Downloading data
2025-08-17 00:00:20 - solar_forecast - INFO: Downloading data
2025-08-17 00:00:22,044 - WARNING - No records available for 2025-08-05 23:00:04.066853 - 2025-08-06 23:00:04.066853
2025-08-17 00:00:22 - solar_forecast - WARNING: No records available for 2025-08-05 23:00:04.066853 - 2025-08-06 23:00:04.066853
2025-08-17 00:00:22,045 - INFO - start = 2025-08-04 23:00:04.066853
2025-08-17 00:00:22 - solar_forecast - INFO: start = 2025-08-04 23:00:04.066853
2025-08-17 00:00:22,046 - INFO - end = 2025-08-05 23:00:04.066853
2025-08-17 00:00:22 - solar_forecast - INFO: end = 2025-08-05 23:00:04.066853
2025-08-17 00:00:22,046 - INFO - Downloading data
2025-08-17 00:00:22 - solar_forecast - INFO: Downloading data
2025-08-17 00:00:22,943 - WARNING - No records available for 2025-08-04 23:00:04.066853 - 2025-08-05 23:00:04.066853
2025-08-17 00:00:22 - solar_forecast - WARNING: No records available for 2025-08-04 23:00:04.066853 - 2025-08-05 23:00:04.066853
2025-08-17 00:00:22,944 - INFO - start = 2025-08-03 23:00:04.066853
2025-08-17 00:00:22 - solar_forecast - INFO: start = 2025-08-03 23:00:04.066853
2025-08-17 00:00:22,945 - INFO - end = 2025-08-04 23:00:04.066853
2025-08-17 00:00:22 - solar_forecast - INFO: end = 2025-08-04 23:00:04.066853
2025-08-17 00:00:22,945 - INFO - Downloading data
2025-08-17 00:00:22 - solar_forecast - INFO: Downloading data
2025-08-17 00:00:23,903 - WARNING - No records available for 2025-08-03 23:00:04.066853 - 2025-08-04 23:00:04.066853
2025-08-17 00:00:23 - solar_forecast - WARNING: No records available for 2025-08-03 23:00:04.066853 - 2025-08-04 23:00:04.066853
2025-08-17 00:00:23,904 - INFO - start = 2025-08-02 23:00:04.066853
2025-08-17 00:00:23 - solar_forecast - INFO: start = 2025-08-02 23:00:04.066853
2025-08-17 00:00:23,905 - INFO - end = 2025-08-03 23:00:04.066853
2025-08-17 00:00:23 - solar_forecast - INFO: end = 2025-08-03 23:00:04.066853
2025-08-17 00:00:23,905 - INFO - Downloading data
2025-08-17 00:00:23 - solar_forecast - INFO: Downloading data
2025-08-17 00:00:25,692 - WARNING - No records available for 2025-08-02 23:00:04.066853 - 2025-08-03 23:00:04.066853
2025-08-17 00:00:25 - solar_forecast - WARNING: No records available for 2025-08-02 23:00:04.066853 - 2025-08-03 23:00:04.066853
2025-08-17 00:00:25,694 - INFO - start = 2025-08-01 23:00:04.066853
2025-08-17 00:00:25 - solar_forecast - INFO: start = 2025-08-01 23:00:04.066853
2025-08-17 00:00:25,694 - INFO - end = 2025-08-02 23:00:04.066853
2025-08-17 00:00:25 - solar_forecast - INFO: end = 2025-08-02 23:00:04.066853
2025-08-17 00:00:25,694 - INFO - Downloading data
2025-08-17 00:00:25 - solar_forecast - INFO: Downloading data
2025-08-17 00:00:26,720 - WARNING - No records available for 2025-08-01 23:00:04.066853 - 2025-08-02 23:00:04.066853
2025-08-17 00:00:26 - solar_forecast - WARNING: No records available for 2025-08-01 23:00:04.066853 - 2025-08-02 23:00:04.066853
2025-08-17 00:00:26,721 - INFO - start = 2025-07-31 23:00:04.066853
2025-08-17 00:00:26 - solar_forecast - INFO: start = 2025-07-31 23:00:04.066853
2025-08-17 00:00:26,721 - INFO - end = 2025-08-01 23:00:04.066853
2025-08-17 00:00:26 - solar_forecast - INFO: end = 2025-08-01 23:00:04.066853
2025-08-17 00:00:26,721 - INFO - Downloading data
2025-08-17 00:00:26 - solar_forecast - INFO: Downloading data
2025-08-17 00:00:27,708 - WARNING - No records available for 2025-07-31 23:00:04.066853 - 2025-08-01 23:00:04.066853
2025-08-17 00:00:27 - solar_forecast - WARNING: No records available for 2025-07-31 23:00:04.066853 - 2025-08-01 23:00:04.066853
2025-08-17 00:00:27,709 - INFO - start = 2025-07-30 23:00:04.066853
2025-08-17 00:00:27 - solar_forecast - INFO: start = 2025-07-30 23:00:04.066853
2025-08-17 00:00:27,709 - INFO - end = 2025-07-31 23:00:04.066853
2025-08-17 00:00:27 - solar_forecast - INFO: end = 2025-07-31 23:00:04.066853
2025-08-17 00:00:27,709 - INFO - Downloading data
2025-08-17 00:00:27 - solar_forecast - INFO: Downloading data
2025-08-17 00:00:28,707 - WARNING - No records available for 2025-07-30 23:00:04.066853 - 2025-07-31 23:00:04.066853
2025-08-17 00:00:28 - solar_forecast - WARNING: No records available for 2025-07-30 23:00:04.066853 - 2025-07-31 23:00:04.066853
2025-08-17 00:00:28,709 - INFO - start = 2025-07-29 23:00:04.066853
2025-08-17 00:00:28 - solar_forecast - INFO: start = 2025-07-29 23:00:04.066853
2025-08-17 00:00:28,709 - INFO - end = 2025-07-30 23:00:04.066853
2025-08-17 00:00:28 - solar_forecast - INFO: end = 2025-07-30 23:00:04.066853
2025-08-17 00:00:28,709 - INFO - Downloading data
2025-08-17 00:00:28 - solar_forecast - INFO: Downloading data
2025-08-17 00:00:29,711 - WARNING - No records available for 2025-07-29 23:00:04.066853 - 2025-07-30 23:00:04.066853
2025-08-17 00:00:29 - solar_forecast - WARNING: No records available for 2025-07-29 23:00:04.066853 - 2025-07-30 23:00:04.066853
2025-08-17 00:00:29,712 - INFO - start = 2025-07-28 23:00:04.066853
2025-08-17 00:00:29 - solar_forecast - INFO: start = 2025-07-28 23:00:04.066853
2025-08-17 00:00:29,713 - INFO - end = 2025-07-29 23:00:04.066853
2025-08-17 00:00:29 - solar_forecast - INFO: end = 2025-07-29 23:00:04.066853
2025-08-17 00:00:29,713 - INFO - Downloading data
2025-08-17 00:00:29 - solar_forecast - INFO: Downloading data
2025-08-17 00:00:30,759 - WARNING - No records available for 2025-07-28 23:00:04.066853 - 2025-07-29 23:00:04.066853
2025-08-17 00:00:30 - solar_forecast - WARNING: No records available for 2025-07-28 23:00:04.066853 - 2025-07-29 23:00:04.066853
2025-08-17 00:00:30,760 - INFO - start = 2025-07-27 23:00:04.066853
2025-08-17 00:00:30 - solar_forecast - INFO: start = 2025-07-27 23:00:04.066853
2025-08-17 00:00:30,760 - INFO - end = 2025-07-28 23:00:04.066853
2025-08-17 00:00:30 - solar_forecast - INFO: end = 2025-07-28 23:00:04.066853
2025-08-17 00:00:30,760 - INFO - Downloading data
2025-08-17 00:00:30 - solar_forecast - INFO: Downloading data
2025-08-17 00:00:32,836 - WARNING - No records available for 2025-07-27 23:00:04.066853 - 2025-07-28 23:00:04.066853
2025-08-17 00:00:32 - solar_forecast - WARNING: No records available for 2025-07-27 23:00:04.066853 - 2025-07-28 23:00:04.066853
2025-08-17 00:00:32,838 - INFO - start = 2025-07-26 23:00:04.066853
2025-08-17 00:00:32 - solar_forecast - INFO: start = 2025-07-26 23:00:04.066853
2025-08-17 00:00:32,838 - INFO - end = 2025-07-27 23:00:04.066853
2025-08-17 00:00:32 - solar_forecast - INFO: end = 2025-07-27 23:00:04.066853
2025-08-17 00:00:32,838 - INFO - Downloading data
2025-08-17 00:00:32 - solar_forecast - INFO: Downloading data
2025-08-17 00:00:33,809 - WARNING - No records available for 2025-07-26 23:00:04.066853 - 2025-07-27 23:00:04.066853
2025-08-17 00:00:33 - solar_forecast - WARNING: No records available for 2025-07-26 23:00:04.066853 - 2025-07-27 23:00:04.066853
2025-08-17 00:00:33,810 - INFO - start = 2025-07-25 23:00:04.066853
2025-08-17 00:00:33 - solar_forecast - INFO: start = 2025-07-25 23:00:04.066853
2025-08-17 00:00:33,811 - INFO - end = 2025-07-26 23:00:04.066853
2025-08-17 00:00:33 - solar_forecast - INFO: end = 2025-07-26 23:00:04.066853
2025-08-17 00:00:33,811 - INFO - Downloading data
2025-08-17 00:00:33 - solar_forecast - INFO: Downloading data
2025-08-17 00:00:34,866 - WARNING - No records available for 2025-07-25 23:00:04.066853 - 2025-07-26 23:00:04.066853
2025-08-17 00:00:34 - solar_forecast - WARNING: No records available for 2025-07-25 23:00:04.066853 - 2025-07-26 23:00:04.066853
2025-08-17 00:00:34,867 - INFO - start = 2025-07-24 23:00:04.066853
2025-08-17 00:00:34 - solar_forecast - INFO: start = 2025-07-24 23:00:04.066853
2025-08-17 00:00:34,867 - INFO - end = 2025-07-25 23:00:04.066853
2025-08-17 00:00:34 - solar_forecast - INFO: end = 2025-07-25 23:00:04.066853
2025-08-17 00:00:34,868 - INFO - Downloading data
2025-08-17 00:00:34 - solar_forecast - INFO: Downloading data
2025-08-17 00:00:35,914 - WARNING - No records available for 2025-07-24 23:00:04.066853 - 2025-07-25 23:00:04.066853
2025-08-17 00:00:35 - solar_forecast - WARNING: No records available for 2025-07-24 23:00:04.066853 - 2025-07-25 23:00:04.066853
2025-08-17 00:00:35,915 - INFO - start = 2025-07-23 23:00:04.066853
2025-08-17 00:00:35 - solar_forecast - INFO: start = 2025-07-23 23:00:04.066853
2025-08-17 00:00:35,916 - INFO - end = 2025-07-24 23:00:04.066853
2025-08-17 00:00:35 - solar_forecast - INFO: end = 2025-07-24 23:00:04.066853
2025-08-17 00:00:35,916 - INFO - Downloading data
2025-08-17 00:00:35 - solar_forecast - INFO: Downloading data
2025-08-17 00:00:36,937 - WARNING - No records available for 2025-07-23 23:00:04.066853 - 2025-07-24 23:00:04.066853
2025-08-17 00:00:36 - solar_forecast - WARNING: No records available for 2025-07-23 23:00:04.066853 - 2025-07-24 23:00:04.066853
2025-08-17 00:00:36,938 - INFO - start = 2025-07-22 23:00:04.066853
2025-08-17 00:00:36 - solar_forecast - INFO: start = 2025-07-22 23:00:04.066853
2025-08-17 00:00:36,938 - INFO - end = 2025-07-23 23:00:04.066853
2025-08-17 00:00:36 - solar_forecast - INFO: end = 2025-07-23 23:00:04.066853
2025-08-17 00:00:36,938 - INFO - Downloading data
2025-08-17 00:00:36 - solar_forecast - INFO: Downloading data
2025-08-17 00:00:37,948 - WARNING - No records available for 2025-07-22 23:00:04.066853 - 2025-07-23 23:00:04.066853
2025-08-17 00:00:37 - solar_forecast - WARNING: No records available for 2025-07-22 23:00:04.066853 - 2025-07-23 23:00:04.066853
2025-08-17 00:00:37,951 - INFO - start = 2025-07-21 23:00:04.066853
2025-08-17 00:00:37 - solar_forecast - INFO: start = 2025-07-21 23:00:04.066853
2025-08-17 00:00:37,951 - INFO - end = 2025-07-22 23:00:04.066853
2025-08-17 00:00:37 - solar_forecast - INFO: end = 2025-07-22 23:00:04.066853
2025-08-17 00:00:37,951 - INFO - Downloading data
2025-08-17 00:00:37 - solar_forecast - INFO: Downloading data
2025-08-17 00:00:38,970 - WARNING - No records available for 2025-07-21 23:00:04.066853 - 2025-07-22 23:00:04.066853
2025-08-17 00:00:38 - solar_forecast - WARNING: No records available for 2025-07-21 23:00:04.066853 - 2025-07-22 23:00:04.066853
2025-08-17 00:00:38,971 - INFO - start = 2025-07-20 23:00:04.066853
2025-08-17 00:00:38 - solar_forecast - INFO: start = 2025-07-20 23:00:04.066853
2025-08-17 00:00:38,971 - INFO - end = 2025-07-21 23:00:04.066853
2025-08-17 00:00:38 - solar_forecast - INFO: end = 2025-07-21 23:00:04.066853
2025-08-17 00:00:38,971 - INFO - Downloading data
2025-08-17 00:00:38 - solar_forecast - INFO: Downloading data
2025-08-17 00:00:39,952 - WARNING - No records available for 2025-07-20 23:00:04.066853 - 2025-07-21 23:00:04.066853
2025-08-17 00:00:39 - solar_forecast - WARNING: No records available for 2025-07-20 23:00:04.066853 - 2025-07-21 23:00:04.066853
2025-08-17 00:00:39,954 - INFO - start = 2025-07-19 23:00:04.066853
2025-08-17 00:00:39 - solar_forecast - INFO: start = 2025-07-19 23:00:04.066853
2025-08-17 00:00:39,954 - INFO - end = 2025-07-20 23:00:04.066853
2025-08-17 00:00:39 - solar_forecast - INFO: end = 2025-07-20 23:00:04.066853
2025-08-17 00:00:39,954 - INFO - Downloading data
2025-08-17 00:00:39 - solar_forecast - INFO: Downloading data
2025-08-17 00:00:40,946 - WARNING - No records available for 2025-07-19 23:00:04.066853 - 2025-07-20 23:00:04.066853
2025-08-17 00:00:40 - solar_forecast - WARNING: No records available for 2025-07-19 23:00:04.066853 - 2025-07-20 23:00:04.066853
2025-08-17 00:00:40,948 - INFO - start = 2025-07-18 23:00:04.066853
2025-08-17 00:00:40 - solar_forecast - INFO: start = 2025-07-18 23:00:04.066853
2025-08-17 00:00:40,948 - INFO - end = 2025-07-19 23:00:04.066853
2025-08-17 00:00:40 - solar_forecast - INFO: end = 2025-07-19 23:00:04.066853
2025-08-17 00:00:40,948 - INFO - Downloading data
2025-08-17 00:00:40 - solar_forecast - INFO: Downloading data
2025-08-17 00:00:41,978 - WARNING - No records available for 2025-07-18 23:00:04.066853 - 2025-07-19 23:00:04.066853
2025-08-17 00:00:41 - solar_forecast - WARNING: No records available for 2025-07-18 23:00:04.066853 - 2025-07-19 23:00:04.066853
2025-08-17 00:00:41,980 - INFO - start = 2025-07-17 23:00:04.066853
2025-08-17 00:00:41 - solar_forecast - INFO: start = 2025-07-17 23:00:04.066853
2025-08-17 00:00:41,980 - INFO - end = 2025-07-18 23:00:04.066853
2025-08-17 00:00:41 - solar_forecast - INFO: end = 2025-07-18 23:00:04.066853
2025-08-17 00:00:41,980 - INFO - Downloading data
2025-08-17 00:00:41 - solar_forecast - INFO: Downloading data
2025-08-17 00:00:42,945 - WARNING - No records available for 2025-07-17 23:00:04.066853 - 2025-07-18 23:00:04.066853
2025-08-17 00:00:42 - solar_forecast - WARNING: No records available for 2025-07-17 23:00:04.066853 - 2025-07-18 23:00:04.066853
2025-08-17 00:00:42,947 - INFO - start = 2025-07-16 23:00:04.066853
2025-08-17 00:00:42 - solar_forecast - INFO: start = 2025-07-16 23:00:04.066853
2025-08-17 00:00:42,947 - INFO - end = 2025-07-17 23:00:04.066853
2025-08-17 00:00:42 - solar_forecast - INFO: end = 2025-07-17 23:00:04.066853
2025-08-17 00:00:42,947 - INFO - Downloading data
2025-08-17 00:00:42 - solar_forecast - INFO: Downloading data
2025-08-17 00:00:43,885 - WARNING - No records available for 2025-07-16 23:00:04.066853 - 2025-07-17 23:00:04.066853
2025-08-17 00:00:43 - solar_forecast - WARNING: No records available for 2025-07-16 23:00:04.066853 - 2025-07-17 23:00:04.066853
2025-08-17 00:00:43,886 - INFO - start = 2025-07-15 23:00:04.066853
2025-08-17 00:00:43 - solar_forecast - INFO: start = 2025-07-15 23:00:04.066853
2025-08-17 00:00:43,886 - INFO - end = 2025-07-16 23:00:04.066853
2025-08-17 00:00:43 - solar_forecast - INFO: end = 2025-07-16 23:00:04.066853
2025-08-17 00:00:43,887 - INFO - Downloading data
2025-08-17 00:00:43 - solar_forecast - INFO: Downloading data
2025-08-17 00:00:45,924 - WARNING - No records available for 2025-07-15 23:00:04.066853 - 2025-07-16 23:00:04.066853
2025-08-17 00:00:45 - solar_forecast - WARNING: No records available for 2025-07-15 23:00:04.066853 - 2025-07-16 23:00:04.066853
2025-08-17 00:00:45,925 - INFO - start = 2025-07-14 23:00:04.066853
2025-08-17 00:00:45 - solar_forecast - INFO: start = 2025-07-14 23:00:04.066853
2025-08-17 00:00:45,925 - INFO - end = 2025-07-15 23:00:04.066853
2025-08-17 00:00:45 - solar_forecast - INFO: end = 2025-07-15 23:00:04.066853
2025-08-17 00:00:45,925 - INFO - Downloading data
2025-08-17 00:00:45 - solar_forecast - INFO: Downloading data
2025-08-17 00:00:46,943 - WARNING - No records available for 2025-07-14 23:00:04.066853 - 2025-07-15 23:00:04.066853
2025-08-17 00:00:46 - solar_forecast - WARNING: No records available for 2025-07-14 23:00:04.066853 - 2025-07-15 23:00:04.066853
2025-08-17 00:00:46,945 - INFO - start = 2025-07-13 23:00:04.066853
2025-08-17 00:00:46 - solar_forecast - INFO: start = 2025-07-13 23:00:04.066853
2025-08-17 00:00:46,945 - INFO - end = 2025-07-14 23:00:04.066853
2025-08-17 00:00:46 - solar_forecast - INFO: end = 2025-07-14 23:00:04.066853
2025-08-17 00:00:46,945 - INFO - Downloading data
2025-08-17 00:00:46 - solar_forecast - INFO: Downloading data
2025-08-17 00:00:49,013 - WARNING - No records available for 2025-07-13 23:00:04.066853 - 2025-07-14 23:00:04.066853
2025-08-17 00:00:49 - solar_forecast - WARNING: No records available for 2025-07-13 23:00:04.066853 - 2025-07-14 23:00:04.066853
2025-08-17 00:00:49,014 - INFO - start = 2025-07-12 23:00:04.066853
2025-08-17 00:00:49 - solar_forecast - INFO: start = 2025-07-12 23:00:04.066853
2025-08-17 00:00:49,014 - INFO - end = 2025-07-13 23:00:04.066853
2025-08-17 00:00:49 - solar_forecast - INFO: end = 2025-07-13 23:00:04.066853
2025-08-17 00:00:49,014 - INFO - Downloading data
2025-08-17 00:00:49 - solar_forecast - INFO: Downloading data
2025-08-17 00:00:50,005 - WARNING - No records available for 2025-07-12 23:00:04.066853 - 2025-07-13 23:00:04.066853
2025-08-17 00:00:50 - solar_forecast - WARNING: No records available for 2025-07-12 23:00:04.066853 - 2025-07-13 23:00:04.066853
2025-08-17 00:00:50,006 - INFO - start = 2025-07-11 23:00:04.066853
2025-08-17 00:00:50 - solar_forecast - INFO: start = 2025-07-11 23:00:04.066853
2025-08-17 00:00:50,007 - INFO - end = 2025-07-12 23:00:04.066853
2025-08-17 00:00:50 - solar_forecast - INFO: end = 2025-07-12 23:00:04.066853
2025-08-17 00:00:50,007 - INFO - Downloading data
2025-08-17 00:00:50 - solar_forecast - INFO: Downloading data
2025-08-17 00:00:51,163 - INFO - Wrote 6 rows for 2025-07-11 23:00:04.066853 - 2025-07-12 23:00:04.066853
2025-08-17 00:00:51 - solar_forecast - INFO: Wrote 6 rows for 2025-07-11 23:00:04.066853 - 2025-07-12 23:00:04.066853
2025-08-17 00:00:51,165 - INFO - start = 2025-07-10 23:00:04.066853
2025-08-17 00:00:51 - solar_forecast - INFO: start = 2025-07-10 23:00:04.066853
2025-08-17 00:00:51,165 - INFO - end = 2025-07-11 23:00:04.066853
2025-08-17 00:00:51 - solar_forecast - INFO: end = 2025-07-11 23:00:04.066853
2025-08-17 00:00:51,165 - INFO - Downloading data
2025-08-17 00:00:51 - solar_forecast - INFO: Downloading data
2025-08-17 00:00:53,801 - INFO - Wrote 190 rows for 2025-07-10 23:00:04.066853 - 2025-07-11 23:00:04.066853
2025-08-17 00:00:53 - solar_forecast - INFO: Wrote 190 rows for 2025-07-10 23:00:04.066853 - 2025-07-11 23:00:04.066853
2025-08-17 00:00:53,802 - INFO - start = 2025-07-09 23:00:04.066853
2025-08-17 00:00:53 - solar_forecast - INFO: start = 2025-07-09 23:00:04.066853
2025-08-17 00:00:53,802 - INFO - end = 2025-07-10 23:00:04.066853
2025-08-17 00:00:53 - solar_forecast - INFO: end = 2025-07-10 23:00:04.066853
2025-08-17 00:00:53,802 - INFO - Downloading data
2025-08-17 00:00:53 - solar_forecast - INFO: Downloading data
2025-08-17 00:00:58,687 - INFO - Wrote 256 rows for 2025-07-09 23:00:04.066853 - 2025-07-10 23:00:04.066853
2025-08-17 00:00:58 - solar_forecast - INFO: Wrote 256 rows for 2025-07-09 23:00:04.066853 - 2025-07-10 23:00:04.066853
2025-08-17 00:00:58,688 - INFO - start = 2025-07-08 23:00:04.066853
2025-08-17 00:00:58 - solar_forecast - INFO: start = 2025-07-08 23:00:04.066853
2025-08-17 00:00:58,688 - INFO - end = 2025-07-09 23:00:04.066853
2025-08-17 00:00:58 - solar_forecast - INFO: end = 2025-07-09 23:00:04.066853
2025-08-17 00:00:58,688 - INFO - Downloading data
2025-08-17 00:00:58 - solar_forecast - INFO: Downloading data
2025-08-17 00:01:03,597 - INFO - Wrote 378 rows for 2025-07-08 23:00:04.066853 - 2025-07-09 23:00:04.066853
2025-08-17 00:01:03 - solar_forecast - INFO: Wrote 378 rows for 2025-07-08 23:00:04.066853 - 2025-07-09 23:00:04.066853
2025-08-17 00:01:03,598 - INFO - start = 2025-07-07 23:00:04.066853
2025-08-17 00:01:03 - solar_forecast - INFO: start = 2025-07-07 23:00:04.066853
2025-08-17 00:01:03,599 - INFO - end = 2025-07-08 23:00:04.066853
2025-08-17 00:01:03 - solar_forecast - INFO: end = 2025-07-08 23:00:04.066853
2025-08-17 00:01:03,599 - INFO - Downloading data
2025-08-17 00:01:03 - solar_forecast - INFO: Downloading data
2025-08-17 00:01:25,358 - INFO - Wrote 570 rows for 2025-07-07 23:00:04.066853 - 2025-07-08 23:00:04.066853
2025-08-17 00:01:25 - solar_forecast - INFO: Wrote 570 rows for 2025-07-07 23:00:04.066853 - 2025-07-08 23:00:04.066853
2025-08-17 00:01:25,359 - INFO - Preparing data...
2025-08-17 00:01:25 - solar_forecast - INFO: Preparing data...
2025-08-17 00:01:26,025 - INFO - Success. Data prepared for model input.
2025-08-17 00:01:26 - solar_forecast - INFO: Success. Data prepared for model input.
2025-08-17 00:01:26,025 - INFO - Initialising model...
2025-08-17 00:01:26 - solar_forecast - INFO: Initialising model...
2025-08-17 00:01:26,031 - INFO - Model initialised
2025-08-17 00:01:26 - solar_forecast - INFO: Model initialised
2025-08-17 00:01:26,032 - INFO - Evaluating forecast...
2025-08-17 00:01:26 - solar_forecast - INFO: Evaluating forecast...
2025-08-17 00:01:26,032 - INFO - Loading data
2025-08-17 00:01:26 - solar_forecast - INFO: Loading data
2025-08-17 00:01:26,032 - INFO - Preparing data sequence
2025-08-17 00:01:26 - solar_forecast - INFO: Preparing data sequence
2025-08-17 00:01:26,032 - INFO - Building data loader
2025-08-17 00:01:26 - solar_forecast - INFO: Building data loader
2025-08-17 00:01:26,032 - INFO - Enabling Monte Carlo dropout
2025-08-17 00:01:26 - solar_forecast - INFO: Enabling Monte Carlo dropout
2025-08-17 00:01:26,033 - INFO - Executing predictions
2025-08-17 00:01:26 - solar_forecast - INFO: Executing predictions
2025-08-18 00:00:02,827 - INFO - Starting download...
2025-08-18 00:00:02 - solar_forecast - INFO: Starting download...
2025-08-18 00:00:03,602 - INFO - File /home/cmwinterburn/solar-forecasting/app/pipeline/sharp_metadata_dump.csv has been deleted.
2025-08-18 00:00:03 - solar_forecast - INFO: File /home/cmwinterburn/solar-forecasting/app/pipeline/sharp_metadata_dump.csv has been deleted.
2025-08-18 00:00:03,603 - INFO - start = 2025-08-16 23:00:03.408062
2025-08-18 00:00:03 - solar_forecast - INFO: start = 2025-08-16 23:00:03.408062
2025-08-18 00:00:03,603 - INFO - end = 2025-08-17 23:00:03.408062
2025-08-18 00:00:03 - solar_forecast - INFO: end = 2025-08-17 23:00:03.408062
2025-08-18 00:00:03,603 - INFO - Downloading data
2025-08-18 00:00:03 - solar_forecast - INFO: Downloading data
2025-08-18 00:00:06,105 - WARNING - No records available for 2025-08-16 23:00:03.408062 - 2025-08-17 23:00:03.408062
2025-08-18 00:00:06 - solar_forecast - WARNING: No records available for 2025-08-16 23:00:03.408062 - 2025-08-17 23:00:03.408062
2025-08-18 00:00:06,109 - INFO - start = 2025-08-15 23:00:03.408062
2025-08-18 00:00:06 - solar_forecast - INFO: start = 2025-08-15 23:00:03.408062
2025-08-18 00:00:06,109 - INFO - end = 2025-08-16 23:00:03.408062
2025-08-18 00:00:06 - solar_forecast - INFO: end = 2025-08-16 23:00:03.408062
2025-08-18 00:00:06,110 - INFO - Downloading data
2025-08-18 00:00:06 - solar_forecast - INFO: Downloading data
2025-08-18 00:00:06,928 - WARNING - No records available for 2025-08-15 23:00:03.408062 - 2025-08-16 23:00:03.408062
2025-08-18 00:00:06 - solar_forecast - WARNING: No records available for 2025-08-15 23:00:03.408062 - 2025-08-16 23:00:03.408062
2025-08-18 00:00:06,929 - INFO - start = 2025-08-14 23:00:03.408062
2025-08-18 00:00:06 - solar_forecast - INFO: start = 2025-08-14 23:00:03.408062
2025-08-18 00:00:06,930 - INFO - end = 2025-08-15 23:00:03.408062
2025-08-18 00:00:06 - solar_forecast - INFO: end = 2025-08-15 23:00:03.408062
2025-08-18 00:00:06,930 - INFO - Downloading data
2025-08-18 00:00:06 - solar_forecast - INFO: Downloading data
2025-08-18 00:00:07,751 - WARNING - No records available for 2025-08-14 23:00:03.408062 - 2025-08-15 23:00:03.408062
2025-08-18 00:00:07 - solar_forecast - WARNING: No records available for 2025-08-14 23:00:03.408062 - 2025-08-15 23:00:03.408062
2025-08-18 00:00:07,753 - INFO - start = 2025-08-13 23:00:03.408062
2025-08-18 00:00:07 - solar_forecast - INFO: start = 2025-08-13 23:00:03.408062
2025-08-18 00:00:07,753 - INFO - end = 2025-08-14 23:00:03.408062
2025-08-18 00:00:07 - solar_forecast - INFO: end = 2025-08-14 23:00:03.408062
2025-08-18 00:00:07,753 - INFO - Downloading data
2025-08-18 00:00:07 - solar_forecast - INFO: Downloading data
2025-08-18 00:00:08,593 - WARNING - No records available for 2025-08-13 23:00:03.408062 - 2025-08-14 23:00:03.408062
2025-08-18 00:00:08 - solar_forecast - WARNING: No records available for 2025-08-13 23:00:03.408062 - 2025-08-14 23:00:03.408062
2025-08-18 00:00:08,595 - INFO - start = 2025-08-12 23:00:03.408062
2025-08-18 00:00:08 - solar_forecast - INFO: start = 2025-08-12 23:00:03.408062
2025-08-18 00:00:08,595 - INFO - end = 2025-08-13 23:00:03.408062
2025-08-18 00:00:08 - solar_forecast - INFO: end = 2025-08-13 23:00:03.408062
2025-08-18 00:00:08,595 - INFO - Downloading data
2025-08-18 00:00:08 - solar_forecast - INFO: Downloading data
2025-08-18 00:00:09,440 - WARNING - No records available for 2025-08-12 23:00:03.408062 - 2025-08-13 23:00:03.408062
2025-08-18 00:00:09 - solar_forecast - WARNING: No records available for 2025-08-12 23:00:03.408062 - 2025-08-13 23:00:03.408062
2025-08-18 00:00:09,441 - INFO - start = 2025-08-11 23:00:03.408062
2025-08-18 00:00:09 - solar_forecast - INFO: start = 2025-08-11 23:00:03.408062
2025-08-18 00:00:09,442 - INFO - end = 2025-08-12 23:00:03.408062
2025-08-18 00:00:09 - solar_forecast - INFO: end = 2025-08-12 23:00:03.408062
2025-08-18 00:00:09,442 - INFO - Downloading data
2025-08-18 00:00:09 - solar_forecast - INFO: Downloading data
2025-08-18 00:00:10,230 - WARNING - No records available for 2025-08-11 23:00:03.408062 - 2025-08-12 23:00:03.408062
2025-08-18 00:00:10 - solar_forecast - WARNING: No records available for 2025-08-11 23:00:03.408062 - 2025-08-12 23:00:03.408062
2025-08-18 00:00:10,232 - INFO - start = 2025-08-10 23:00:03.408062
2025-08-18 00:00:10 - solar_forecast - INFO: start = 2025-08-10 23:00:03.408062
2025-08-18 00:00:10,232 - INFO - end = 2025-08-11 23:00:03.408062
2025-08-18 00:00:10 - solar_forecast - INFO: end = 2025-08-11 23:00:03.408062
2025-08-18 00:00:10,232 - INFO - Downloading data
2025-08-18 00:00:10 - solar_forecast - INFO: Downloading data
2025-08-18 00:00:11,048 - WARNING - No records available for 2025-08-10 23:00:03.408062 - 2025-08-11 23:00:03.408062
2025-08-18 00:00:11 - solar_forecast - WARNING: No records available for 2025-08-10 23:00:03.408062 - 2025-08-11 23:00:03.408062
2025-08-18 00:00:11,050 - INFO - start = 2025-08-09 23:00:03.408062
2025-08-18 00:00:11 - solar_forecast - INFO: start = 2025-08-09 23:00:03.408062
2025-08-18 00:00:11,050 - INFO - end = 2025-08-10 23:00:03.408062
2025-08-18 00:00:11 - solar_forecast - INFO: end = 2025-08-10 23:00:03.408062
2025-08-18 00:00:11,050 - INFO - Downloading data
2025-08-18 00:00:11 - solar_forecast - INFO: Downloading data
2025-08-18 00:00:11,842 - WARNING - No records available for 2025-08-09 23:00:03.408062 - 2025-08-10 23:00:03.408062
2025-08-18 00:00:11 - solar_forecast - WARNING: No records available for 2025-08-09 23:00:03.408062 - 2025-08-10 23:00:03.408062
2025-08-18 00:00:11,843 - INFO - start = 2025-08-08 23:00:03.408062
2025-08-18 00:00:11 - solar_forecast - INFO: start = 2025-08-08 23:00:03.408062
2025-08-18 00:00:11,844 - INFO - end = 2025-08-09 23:00:03.408062
2025-08-18 00:00:11 - solar_forecast - INFO: end = 2025-08-09 23:00:03.408062
2025-08-18 00:00:11,844 - INFO - Downloading data
2025-08-18 00:00:11 - solar_forecast - INFO: Downloading data
2025-08-18 00:00:12,671 - WARNING - No records available for 2025-08-08 23:00:03.408062 - 2025-08-09 23:00:03.408062
2025-08-18 00:00:12 - solar_forecast - WARNING: No records available for 2025-08-08 23:00:03.408062 - 2025-08-09 23:00:03.408062
2025-08-18 00:00:12,672 - INFO - start = 2025-08-07 23:00:03.408062
2025-08-18 00:00:12 - solar_forecast - INFO: start = 2025-08-07 23:00:03.408062
2025-08-18 00:00:12,672 - INFO - end = 2025-08-08 23:00:03.408062
2025-08-18 00:00:12 - solar_forecast - INFO: end = 2025-08-08 23:00:03.408062
2025-08-18 00:00:12,672 - INFO - Downloading data
2025-08-18 00:00:12 - solar_forecast - INFO: Downloading data
2025-08-18 00:00:13,469 - WARNING - No records available for 2025-08-07 23:00:03.408062 - 2025-08-08 23:00:03.408062
2025-08-18 00:00:13 - solar_forecast - WARNING: No records available for 2025-08-07 23:00:03.408062 - 2025-08-08 23:00:03.408062
2025-08-18 00:00:13,471 - INFO - start = 2025-08-06 23:00:03.408062
2025-08-18 00:00:13 - solar_forecast - INFO: start = 2025-08-06 23:00:03.408062
2025-08-18 00:00:13,471 - INFO - end = 2025-08-07 23:00:03.408062
2025-08-18 00:00:13 - solar_forecast - INFO: end = 2025-08-07 23:00:03.408062
2025-08-18 00:00:13,471 - INFO - Downloading data
2025-08-18 00:00:13 - solar_forecast - INFO: Downloading data
2025-08-18 00:00:14,276 - WARNING - No records available for 2025-08-06 23:00:03.408062 - 2025-08-07 23:00:03.408062
2025-08-18 00:00:14 - solar_forecast - WARNING: No records available for 2025-08-06 23:00:03.408062 - 2025-08-07 23:00:03.408062
2025-08-18 00:00:14,277 - INFO - start = 2025-08-05 23:00:03.408062
2025-08-18 00:00:14 - solar_forecast - INFO: start = 2025-08-05 23:00:03.408062
2025-08-18 00:00:14,278 - INFO - end = 2025-08-06 23:00:03.408062
2025-08-18 00:00:14 - solar_forecast - INFO: end = 2025-08-06 23:00:03.408062
2025-08-18 00:00:14,278 - INFO - Downloading data
2025-08-18 00:00:14 - solar_forecast - INFO: Downloading data
2025-08-18 00:00:15,100 - WARNING - No records available for 2025-08-05 23:00:03.408062 - 2025-08-06 23:00:03.408062
2025-08-18 00:00:15 - solar_forecast - WARNING: No records available for 2025-08-05 23:00:03.408062 - 2025-08-06 23:00:03.408062
2025-08-18 00:00:15,101 - INFO - start = 2025-08-04 23:00:03.408062
2025-08-18 00:00:15 - solar_forecast - INFO: start = 2025-08-04 23:00:03.408062
2025-08-18 00:00:15,101 - INFO - end = 2025-08-05 23:00:03.408062
2025-08-18 00:00:15 - solar_forecast - INFO: end = 2025-08-05 23:00:03.408062
2025-08-18 00:00:15,101 - INFO - Downloading data
2025-08-18 00:00:15 - solar_forecast - INFO: Downloading data
2025-08-18 00:00:15,907 - WARNING - No records available for 2025-08-04 23:00:03.408062 - 2025-08-05 23:00:03.408062
2025-08-18 00:00:15 - solar_forecast - WARNING: No records available for 2025-08-04 23:00:03.408062 - 2025-08-05 23:00:03.408062
2025-08-18 00:00:15,908 - INFO - start = 2025-08-03 23:00:03.408062
2025-08-18 00:00:15 - solar_forecast - INFO: start = 2025-08-03 23:00:03.408062
2025-08-18 00:00:15,909 - INFO - end = 2025-08-04 23:00:03.408062
2025-08-18 00:00:15 - solar_forecast - INFO: end = 2025-08-04 23:00:03.408062
2025-08-18 00:00:15,909 - INFO - Downloading data
2025-08-18 00:00:15 - solar_forecast - INFO: Downloading data
2025-08-18 00:00:16,750 - WARNING - No records available for 2025-08-03 23:00:03.408062 - 2025-08-04 23:00:03.408062
2025-08-18 00:00:16 - solar_forecast - WARNING: No records available for 2025-08-03 23:00:03.408062 - 2025-08-04 23:00:03.408062
2025-08-18 00:00:16,751 - INFO - start = 2025-08-02 23:00:03.408062
2025-08-18 00:00:16 - solar_forecast - INFO: start = 2025-08-02 23:00:03.408062
2025-08-18 00:00:16,752 - INFO - end = 2025-08-03 23:00:03.408062
2025-08-18 00:00:16 - solar_forecast - INFO: end = 2025-08-03 23:00:03.408062
2025-08-18 00:00:16,752 - INFO - Downloading data
2025-08-18 00:00:16 - solar_forecast - INFO: Downloading data
2025-08-18 00:00:17,600 - WARNING - No records available for 2025-08-02 23:00:03.408062 - 2025-08-03 23:00:03.408062
2025-08-18 00:00:17 - solar_forecast - WARNING: No records available for 2025-08-02 23:00:03.408062 - 2025-08-03 23:00:03.408062
2025-08-18 00:00:17,601 - INFO - start = 2025-08-01 23:00:03.408062
2025-08-18 00:00:17 - solar_forecast - INFO: start = 2025-08-01 23:00:03.408062
2025-08-18 00:00:17,601 - INFO - end = 2025-08-02 23:00:03.408062
2025-08-18 00:00:17 - solar_forecast - INFO: end = 2025-08-02 23:00:03.408062
2025-08-18 00:00:17,601 - INFO - Downloading data
2025-08-18 00:00:17 - solar_forecast - INFO: Downloading data
2025-08-18 00:00:18,420 - WARNING - No records available for 2025-08-01 23:00:03.408062 - 2025-08-02 23:00:03.408062
2025-08-18 00:00:18 - solar_forecast - WARNING: No records available for 2025-08-01 23:00:03.408062 - 2025-08-02 23:00:03.408062
2025-08-18 00:00:18,421 - INFO - start = 2025-07-31 23:00:03.408062
2025-08-18 00:00:18 - solar_forecast - INFO: start = 2025-07-31 23:00:03.408062
2025-08-18 00:00:18,422 - INFO - end = 2025-08-01 23:00:03.408062
2025-08-18 00:00:18 - solar_forecast - INFO: end = 2025-08-01 23:00:03.408062
2025-08-18 00:00:18,422 - INFO - Downloading data
2025-08-18 00:00:18 - solar_forecast - INFO: Downloading data
2025-08-18 00:00:19,239 - WARNING - No records available for 2025-07-31 23:00:03.408062 - 2025-08-01 23:00:03.408062
2025-08-18 00:00:19 - solar_forecast - WARNING: No records available for 2025-07-31 23:00:03.408062 - 2025-08-01 23:00:03.408062
2025-08-18 00:00:19,240 - INFO - start = 2025-07-30 23:00:03.408062
2025-08-18 00:00:19 - solar_forecast - INFO: start = 2025-07-30 23:00:03.408062
2025-08-18 00:00:19,241 - INFO - end = 2025-07-31 23:00:03.408062
2025-08-18 00:00:19 - solar_forecast - INFO: end = 2025-07-31 23:00:03.408062
2025-08-18 00:00:19,241 - INFO - Downloading data
2025-08-18 00:00:19 - solar_forecast - INFO: Downloading data
2025-08-18 00:00:20,084 - WARNING - No records available for 2025-07-30 23:00:03.408062 - 2025-07-31 23:00:03.408062
2025-08-18 00:00:20 - solar_forecast - WARNING: No records available for 2025-07-30 23:00:03.408062 - 2025-07-31 23:00:03.408062
2025-08-18 00:00:20,085 - INFO - start = 2025-07-29 23:00:03.408062
2025-08-18 00:00:20 - solar_forecast - INFO: start = 2025-07-29 23:00:03.408062
2025-08-18 00:00:20,086 - INFO - end = 2025-07-30 23:00:03.408062
2025-08-18 00:00:20 - solar_forecast - INFO: end = 2025-07-30 23:00:03.408062
2025-08-18 00:00:20,086 - INFO - Downloading data
2025-08-18 00:00:20 - solar_forecast - INFO: Downloading data
2025-08-18 00:00:20,916 - WARNING - No records available for 2025-07-29 23:00:03.408062 - 2025-07-30 23:00:03.408062
2025-08-18 00:00:20 - solar_forecast - WARNING: No records available for 2025-07-29 23:00:03.408062 - 2025-07-30 23:00:03.408062
2025-08-18 00:00:20,918 - INFO - start = 2025-07-28 23:00:03.408062
2025-08-18 00:00:20 - solar_forecast - INFO: start = 2025-07-28 23:00:03.408062
2025-08-18 00:00:20,918 - INFO - end = 2025-07-29 23:00:03.408062
2025-08-18 00:00:20 - solar_forecast - INFO: end = 2025-07-29 23:00:03.408062
2025-08-18 00:00:20,918 - INFO - Downloading data
2025-08-18 00:00:20 - solar_forecast - INFO: Downloading data
2025-08-18 00:00:21,728 - WARNING - No records available for 2025-07-28 23:00:03.408062 - 2025-07-29 23:00:03.408062
2025-08-18 00:00:21 - solar_forecast - WARNING: No records available for 2025-07-28 23:00:03.408062 - 2025-07-29 23:00:03.408062
2025-08-18 00:00:21,730 - INFO - start = 2025-07-27 23:00:03.408062
2025-08-18 00:00:21 - solar_forecast - INFO: start = 2025-07-27 23:00:03.408062
2025-08-18 00:00:21,730 - INFO - end = 2025-07-28 23:00:03.408062
2025-08-18 00:00:21 - solar_forecast - INFO: end = 2025-07-28 23:00:03.408062
2025-08-18 00:00:21,730 - INFO - Downloading data
2025-08-18 00:00:21 - solar_forecast - INFO: Downloading data
2025-08-18 00:00:22,557 - WARNING - No records available for 2025-07-27 23:00:03.408062 - 2025-07-28 23:00:03.408062
2025-08-18 00:00:22 - solar_forecast - WARNING: No records available for 2025-07-27 23:00:03.408062 - 2025-07-28 23:00:03.408062
2025-08-18 00:00:22,558 - INFO - start = 2025-07-26 23:00:03.408062
2025-08-18 00:00:22 - solar_forecast - INFO: start = 2025-07-26 23:00:03.408062
2025-08-18 00:00:22,559 - INFO - end = 2025-07-27 23:00:03.408062
2025-08-18 00:00:22 - solar_forecast - INFO: end = 2025-07-27 23:00:03.408062
2025-08-18 00:00:22,559 - INFO - Downloading data
2025-08-18 00:00:22 - solar_forecast - INFO: Downloading data
2025-08-18 00:00:23,390 - WARNING - No records available for 2025-07-26 23:00:03.408062 - 2025-07-27 23:00:03.408062
2025-08-18 00:00:23 - solar_forecast - WARNING: No records available for 2025-07-26 23:00:03.408062 - 2025-07-27 23:00:03.408062
2025-08-18 00:00:23,391 - INFO - start = 2025-07-25 23:00:03.408062
2025-08-18 00:00:23 - solar_forecast - INFO: start = 2025-07-25 23:00:03.408062
2025-08-18 00:00:23,391 - INFO - end = 2025-07-26 23:00:03.408062
2025-08-18 00:00:23 - solar_forecast - INFO: end = 2025-07-26 23:00:03.408062
2025-08-18 00:00:23,391 - INFO - Downloading data
2025-08-18 00:00:23 - solar_forecast - INFO: Downloading data
2025-08-18 00:00:24,217 - WARNING - No records available for 2025-07-25 23:00:03.408062 - 2025-07-26 23:00:03.408062
2025-08-18 00:00:24 - solar_forecast - WARNING: No records available for 2025-07-25 23:00:03.408062 - 2025-07-26 23:00:03.408062
2025-08-18 00:00:24,218 - INFO - start = 2025-07-24 23:00:03.408062
2025-08-18 00:00:24 - solar_forecast - INFO: start = 2025-07-24 23:00:03.408062
2025-08-18 00:00:24,218 - INFO - end = 2025-07-25 23:00:03.408062
2025-08-18 00:00:24 - solar_forecast - INFO: end = 2025-07-25 23:00:03.408062
2025-08-18 00:00:24,219 - INFO - Downloading data
2025-08-18 00:00:24 - solar_forecast - INFO: Downloading data
2025-08-18 00:00:25,064 - WARNING - No records available for 2025-07-24 23:00:03.408062 - 2025-07-25 23:00:03.408062
2025-08-18 00:00:25 - solar_forecast - WARNING: No records available for 2025-07-24 23:00:03.408062 - 2025-07-25 23:00:03.408062
2025-08-18 00:00:25,066 - INFO - start = 2025-07-23 23:00:03.408062
2025-08-18 00:00:25 - solar_forecast - INFO: start = 2025-07-23 23:00:03.408062
2025-08-18 00:00:25,066 - INFO - end = 2025-07-24 23:00:03.408062
2025-08-18 00:00:25 - solar_forecast - INFO: end = 2025-07-24 23:00:03.408062
2025-08-18 00:00:25,066 - INFO - Downloading data
2025-08-18 00:00:25 - solar_forecast - INFO: Downloading data
2025-08-18 00:00:25,900 - WARNING - No records available for 2025-07-23 23:00:03.408062 - 2025-07-24 23:00:03.408062
2025-08-18 00:00:25 - solar_forecast - WARNING: No records available for 2025-07-23 23:00:03.408062 - 2025-07-24 23:00:03.408062
2025-08-18 00:00:25,902 - INFO - start = 2025-07-22 23:00:03.408062
2025-08-18 00:00:25 - solar_forecast - INFO: start = 2025-07-22 23:00:03.408062
2025-08-18 00:00:25,902 - INFO - end = 2025-07-23 23:00:03.408062
2025-08-18 00:00:25 - solar_forecast - INFO: end = 2025-07-23 23:00:03.408062
2025-08-18 00:00:25,902 - INFO - Downloading data
2025-08-18 00:00:25 - solar_forecast - INFO: Downloading data
2025-08-18 00:00:26,723 - WARNING - No records available for 2025-07-22 23:00:03.408062 - 2025-07-23 23:00:03.408062
2025-08-18 00:00:26 - solar_forecast - WARNING: No records available for 2025-07-22 23:00:03.408062 - 2025-07-23 23:00:03.408062
2025-08-18 00:00:26,724 - INFO - start = 2025-07-21 23:00:03.408062
2025-08-18 00:00:26 - solar_forecast - INFO: start = 2025-07-21 23:00:03.408062
2025-08-18 00:00:26,724 - INFO - end = 2025-07-22 23:00:03.408062
2025-08-18 00:00:26 - solar_forecast - INFO: end = 2025-07-22 23:00:03.408062
2025-08-18 00:00:26,725 - INFO - Downloading data
2025-08-18 00:00:26 - solar_forecast - INFO: Downloading data
2025-08-18 00:00:27,559 - WARNING - No records available for 2025-07-21 23:00:03.408062 - 2025-07-22 23:00:03.408062
2025-08-18 00:00:27 - solar_forecast - WARNING: No records available for 2025-07-21 23:00:03.408062 - 2025-07-22 23:00:03.408062
2025-08-18 00:00:27,561 - INFO - start = 2025-07-20 23:00:03.408062
2025-08-18 00:00:27 - solar_forecast - INFO: start = 2025-07-20 23:00:03.408062
2025-08-18 00:00:27,561 - INFO - end = 2025-07-21 23:00:03.408062
2025-08-18 00:00:27 - solar_forecast - INFO: end = 2025-07-21 23:00:03.408062
2025-08-18 00:00:27,561 - INFO - Downloading data
2025-08-18 00:00:27 - solar_forecast - INFO: Downloading data
2025-08-18 00:00:28,375 - WARNING - No records available for 2025-07-20 23:00:03.408062 - 2025-07-21 23:00:03.408062
2025-08-18 00:00:28 - solar_forecast - WARNING: No records available for 2025-07-20 23:00:03.408062 - 2025-07-21 23:00:03.408062
2025-08-18 00:00:28,376 - INFO - start = 2025-07-19 23:00:03.408062
2025-08-18 00:00:28 - solar_forecast - INFO: start = 2025-07-19 23:00:03.408062
2025-08-18 00:00:28,376 - INFO - end = 2025-07-20 23:00:03.408062
2025-08-18 00:00:28 - solar_forecast - INFO: end = 2025-07-20 23:00:03.408062
2025-08-18 00:00:28,376 - INFO - Downloading data
2025-08-18 00:00:28 - solar_forecast - INFO: Downloading data
2025-08-18 00:00:29,193 - WARNING - No records available for 2025-07-19 23:00:03.408062 - 2025-07-20 23:00:03.408062
2025-08-18 00:00:29 - solar_forecast - WARNING: No records available for 2025-07-19 23:00:03.408062 - 2025-07-20 23:00:03.408062
2025-08-18 00:00:29,194 - INFO - start = 2025-07-18 23:00:03.408062
2025-08-18 00:00:29 - solar_forecast - INFO: start = 2025-07-18 23:00:03.408062
2025-08-18 00:00:29,194 - INFO - end = 2025-07-19 23:00:03.408062
2025-08-18 00:00:29 - solar_forecast - INFO: end = 2025-07-19 23:00:03.408062
2025-08-18 00:00:29,194 - INFO - Downloading data
2025-08-18 00:00:29 - solar_forecast - INFO: Downloading data
2025-08-18 00:00:30,022 - WARNING - No records available for 2025-07-18 23:00:03.408062 - 2025-07-19 23:00:03.408062
2025-08-18 00:00:30 - solar_forecast - WARNING: No records available for 2025-07-18 23:00:03.408062 - 2025-07-19 23:00:03.408062
2025-08-18 00:00:30,024 - INFO - start = 2025-07-17 23:00:03.408062
2025-08-18 00:00:30 - solar_forecast - INFO: start = 2025-07-17 23:00:03.408062
2025-08-18 00:00:30,024 - INFO - end = 2025-07-18 23:00:03.408062
2025-08-18 00:00:30 - solar_forecast - INFO: end = 2025-07-18 23:00:03.408062
2025-08-18 00:00:30,024 - INFO - Downloading data
2025-08-18 00:00:30 - solar_forecast - INFO: Downloading data
2025-08-18 00:00:30,872 - WARNING - No records available for 2025-07-17 23:00:03.408062 - 2025-07-18 23:00:03.408062
2025-08-18 00:00:30 - solar_forecast - WARNING: No records available for 2025-07-17 23:00:03.408062 - 2025-07-18 23:00:03.408062
2025-08-18 00:00:30,873 - INFO - start = 2025-07-16 23:00:03.408062
2025-08-18 00:00:30 - solar_forecast - INFO: start = 2025-07-16 23:00:03.408062
2025-08-18 00:00:30,873 - INFO - end = 2025-07-17 23:00:03.408062
2025-08-18 00:00:30 - solar_forecast - INFO: end = 2025-07-17 23:00:03.408062
2025-08-18 00:00:30,873 - INFO - Downloading data
2025-08-18 00:00:30 - solar_forecast - INFO: Downloading data
2025-08-18 00:00:31,686 - WARNING - No records available for 2025-07-16 23:00:03.408062 - 2025-07-17 23:00:03.408062
2025-08-18 00:00:31 - solar_forecast - WARNING: No records available for 2025-07-16 23:00:03.408062 - 2025-07-17 23:00:03.408062
2025-08-18 00:00:31,687 - INFO - start = 2025-07-15 23:00:03.408062
2025-08-18 00:00:31 - solar_forecast - INFO: start = 2025-07-15 23:00:03.408062
2025-08-18 00:00:31,688 - INFO - end = 2025-07-16 23:00:03.408062
2025-08-18 00:00:31 - solar_forecast - INFO: end = 2025-07-16 23:00:03.408062
2025-08-18 00:00:31,688 - INFO - Downloading data
2025-08-18 00:00:31 - solar_forecast - INFO: Downloading data
2025-08-18 00:00:32,532 - WARNING - No records available for 2025-07-15 23:00:03.408062 - 2025-07-16 23:00:03.408062
2025-08-18 00:00:32 - solar_forecast - WARNING: No records available for 2025-07-15 23:00:03.408062 - 2025-07-16 23:00:03.408062
2025-08-18 00:00:32,533 - INFO - start = 2025-07-14 23:00:03.408062
2025-08-18 00:00:32 - solar_forecast - INFO: start = 2025-07-14 23:00:03.408062
2025-08-18 00:00:32,533 - INFO - end = 2025-07-15 23:00:03.408062
2025-08-18 00:00:32 - solar_forecast - INFO: end = 2025-07-15 23:00:03.408062
2025-08-18 00:00:32,534 - INFO - Downloading data
2025-08-18 00:00:32 - solar_forecast - INFO: Downloading data
2025-08-18 00:00:33,370 - WARNING - No records available for 2025-07-14 23:00:03.408062 - 2025-07-15 23:00:03.408062
2025-08-18 00:00:33 - solar_forecast - WARNING: No records available for 2025-07-14 23:00:03.408062 - 2025-07-15 23:00:03.408062
2025-08-18 00:00:33,371 - INFO - start = 2025-07-13 23:00:03.408062
2025-08-18 00:00:33 - solar_forecast - INFO: start = 2025-07-13 23:00:03.408062
2025-08-18 00:00:33,371 - INFO - end = 2025-07-14 23:00:03.408062
2025-08-18 00:00:33 - solar_forecast - INFO: end = 2025-07-14 23:00:03.408062
2025-08-18 00:00:33,372 - INFO - Downloading data
2025-08-18 00:00:33 - solar_forecast - INFO: Downloading data
2025-08-18 00:00:34,214 - WARNING - No records available for 2025-07-13 23:00:03.408062 - 2025-07-14 23:00:03.408062
2025-08-18 00:00:34 - solar_forecast - WARNING: No records available for 2025-07-13 23:00:03.408062 - 2025-07-14 23:00:03.408062
2025-08-18 00:00:34,215 - INFO - start = 2025-07-12 23:00:03.408062
2025-08-18 00:00:34 - solar_forecast - INFO: start = 2025-07-12 23:00:03.408062
2025-08-18 00:00:34,215 - INFO - end = 2025-07-13 23:00:03.408062
2025-08-18 00:00:34 - solar_forecast - INFO: end = 2025-07-13 23:00:03.408062
2025-08-18 00:00:34,215 - INFO - Downloading data
2025-08-18 00:00:34 - solar_forecast - INFO: Downloading data
2025-08-18 00:00:35,060 - WARNING - No records available for 2025-07-12 23:00:03.408062 - 2025-07-13 23:00:03.408062
2025-08-18 00:00:35 - solar_forecast - WARNING: No records available for 2025-07-12 23:00:03.408062 - 2025-07-13 23:00:03.408062
2025-08-18 00:00:35,061 - INFO - start = 2025-07-11 23:00:03.408062
2025-08-18 00:00:35 - solar_forecast - INFO: start = 2025-07-11 23:00:03.408062
2025-08-18 00:00:35,062 - INFO - end = 2025-07-12 23:00:03.408062
2025-08-18 00:00:35 - solar_forecast - INFO: end = 2025-07-12 23:00:03.408062
2025-08-18 00:00:35,062 - INFO - Downloading data
2025-08-18 00:00:35 - solar_forecast - INFO: Downloading data
2025-08-18 00:00:36,071 - INFO - Wrote 51 rows for 2025-07-11 23:00:03.408062 - 2025-07-12 23:00:03.408062
2025-08-18 00:00:36 - solar_forecast - INFO: Wrote 51 rows for 2025-07-11 23:00:03.408062 - 2025-07-12 23:00:03.408062
2025-08-18 00:00:36,073 - INFO - start = 2025-07-10 23:00:03.408062
2025-08-18 00:00:36 - solar_forecast - INFO: start = 2025-07-10 23:00:03.408062
2025-08-18 00:00:36,073 - INFO - end = 2025-07-11 23:00:03.408062
2025-08-18 00:00:36 - solar_forecast - INFO: end = 2025-07-11 23:00:03.408062
2025-08-18 00:00:36,073 - INFO - Downloading data
2025-08-18 00:00:36 - solar_forecast - INFO: Downloading data
2025-08-18 00:00:37,927 - INFO - Wrote 190 rows for 2025-07-10 23:00:03.408062 - 2025-07-11 23:00:03.408062
2025-08-18 00:00:37 - solar_forecast - INFO: Wrote 190 rows for 2025-07-10 23:00:03.408062 - 2025-07-11 23:00:03.408062
2025-08-18 00:00:37,928 - INFO - start = 2025-07-09 23:00:03.408062
2025-08-18 00:00:37 - solar_forecast - INFO: start = 2025-07-09 23:00:03.408062
2025-08-18 00:00:37,929 - INFO - end = 2025-07-10 23:00:03.408062
2025-08-18 00:00:37 - solar_forecast - INFO: end = 2025-07-10 23:00:03.408062
2025-08-18 00:00:37,929 - INFO - Downloading data
2025-08-18 00:00:37 - solar_forecast - INFO: Downloading data
2025-08-18 00:00:40,223 - INFO - Wrote 256 rows for 2025-07-09 23:00:03.408062 - 2025-07-10 23:00:03.408062
2025-08-18 00:00:40 - solar_forecast - INFO: Wrote 256 rows for 2025-07-09 23:00:03.408062 - 2025-07-10 23:00:03.408062
2025-08-18 00:00:40,224 - INFO - start = 2025-07-08 23:00:03.408062
2025-08-18 00:00:40 - solar_forecast - INFO: start = 2025-07-08 23:00:03.408062
2025-08-18 00:00:40,225 - INFO - end = 2025-07-09 23:00:03.408062
2025-08-18 00:00:40 - solar_forecast - INFO: end = 2025-07-09 23:00:03.408062
2025-08-18 00:00:40,225 - INFO - Downloading data
2025-08-18 00:00:40 - solar_forecast - INFO: Downloading data
2025-08-18 00:00:42,817 - INFO - Wrote 378 rows for 2025-07-08 23:00:03.408062 - 2025-07-09 23:00:03.408062
2025-08-18 00:00:42 - solar_forecast - INFO: Wrote 378 rows for 2025-07-08 23:00:03.408062 - 2025-07-09 23:00:03.408062
2025-08-18 00:00:42,819 - INFO - start = 2025-07-07 23:00:03.408062
2025-08-18 00:00:42 - solar_forecast - INFO: start = 2025-07-07 23:00:03.408062
2025-08-18 00:00:42,819 - INFO - end = 2025-07-08 23:00:03.408062
2025-08-18 00:00:42 - solar_forecast - INFO: end = 2025-07-08 23:00:03.408062
2025-08-18 00:00:42,819 - INFO - Downloading data
2025-08-18 00:00:42 - solar_forecast - INFO: Downloading data
2025-08-18 00:00:46,179 - INFO - Wrote 570 rows for 2025-07-07 23:00:03.408062 - 2025-07-08 23:00:03.408062
2025-08-18 00:00:46 - solar_forecast - INFO: Wrote 570 rows for 2025-07-07 23:00:03.408062 - 2025-07-08 23:00:03.408062
2025-08-18 00:00:46,179 - INFO - Preparing data...
2025-08-18 00:00:46 - solar_forecast - INFO: Preparing data...
2025-08-18 00:00:46,847 - INFO - Success. Data prepared for model input.
2025-08-18 00:00:46 - solar_forecast - INFO: Success. Data prepared for model input.
2025-08-18 00:00:46,847 - INFO - Initialising model...
2025-08-18 00:00:46 - solar_forecast - INFO: Initialising model...
2025-08-18 00:00:46,853 - INFO - Model initialised
2025-08-18 00:00:46 - solar_forecast - INFO: Model initialised
2025-08-18 00:00:46,853 - INFO - Evaluating forecast...
2025-08-18 00:00:46 - solar_forecast - INFO: Evaluating forecast...
2025-08-18 00:00:46,853 - INFO - Loading data
2025-08-18 00:00:46 - solar_forecast - INFO: Loading data
2025-08-18 00:00:46,854 - INFO - Preparing data sequence
2025-08-18 00:00:46 - solar_forecast - INFO: Preparing data sequence
2025-08-18 00:00:46,854 - INFO - Building data loader
2025-08-18 00:00:46 - solar_forecast - INFO: Building data loader
2025-08-18 00:00:46,854 - INFO - Enabling Monte Carlo dropout
2025-08-18 00:00:46 - solar_forecast - INFO: Enabling Monte Carlo dropout
2025-08-18 00:00:46,854 - INFO - Executing predictions
2025-08-18 00:00:46 - solar_forecast - INFO: Executing predictions
